{"/Users/jeannedarcnyiramwiza/Documents/ArtistGrow/artistGrow-backend/build/config/default.js":{"path":"/Users/jeannedarcnyiramwiza/Documents/ArtistGrow/artistGrow-backend/build/config/default.js","statementMap":{"0":{"start":{"line":2,"column":0},"end":{"line":2,"column":62}},"1":{"start":{"line":3,"column":0},"end":{"line":3,"column":24}},"2":{"start":{"line":4,"column":15},"end":{"line":4,"column":32}},"3":{"start":{"line":5,"column":0},"end":{"line":5,"column":23}},"4":{"start":{"line":6,"column":0},"end":{"line":30,"column":2}}},"fnMap":{},"branchMap":{"0":{"loc":{"start":{"line":8,"column":23},"end":{"line":8,"column":56}},"type":"binary-expr","locations":[{"start":{"line":8,"column":23},"end":{"line":8,"column":46}},{"start":{"line":8,"column":50},"end":{"line":8,"column":56}}],"line":8},"1":{"loc":{"start":{"line":29,"column":18},"end":{"line":29,"column":66}},"type":"binary-expr","locations":[{"start":{"line":29,"column":18},"end":{"line":29,"column":44}},{"start":{"line":29,"column":48},"end":{"line":29,"column":66}}],"line":29}},"s":{"0":0,"1":0,"2":0,"3":0,"4":0},"f":{},"b":{"0":[0,0],"1":[0,0]},"inputSourceMap":{"version":3,"file":"default.js","sourceRoot":"","sources":["../../config/default.ts"],"names":[],"mappings":";;;AAAA,iCAAgD;AAEhD,IAAA,eAAY,GAAE,CAAC;AAEF,QAAA,MAAM,GAAG;IACpB,MAAM,EAAE;QACN,IAAI,EAAE,QAAQ,CAAC,OAAO,CAAC,GAAG,CAAC,WAAW,IAAI,MAAM,EAAE,EAAE,CAAC;KACtD;IACD,EAAE,EAAE;QACF,IAAI,EAAE,WAAW;QACjB,IAAI,EAAE,OAAO;QACb,WAAW,EAAE,MAAM;QACnB,QAAQ,EAAE,CAAC,oBAAoB,CAAC;QAChC,QAAQ,EAAE,OAAO,CAAC,GAAG,CAAC,WAAW;QACjC,QAAQ,EAAE,OAAO,CAAC,GAAG,CAAC,WAAW;QACjC,QAAQ,EAAE,OAAO,CAAC,GAAG,CAAC,WAAW;KAClC;IACD,MAAM,EAAE;QACN,KAAK,EAAE,MAAM;KACd;IACD,IAAI,EAAE;QACJ,IAAI,EAAE,OAAO,CAAC,GAAG,CAAC,SAAS;QAC3B,IAAI,EAAE;YACJ,IAAI,EAAE,OAAO,CAAC,GAAG,CAAC,SAAS;YAC3B,IAAI,EAAE,OAAO,CAAC,GAAG,CAAC,aAAa;SAChC;KACF;IACD,YAAY,EAAE,OAAO,CAAC,GAAG,CAAC,cAAc,IAAI,kBAAkB;CAC/D,CAAC"},"all":true},"/Users/jeannedarcnyiramwiza/Documents/ArtistGrow/artistGrow-backend/build/src/constants/email-templates.js":{"path":"/Users/jeannedarcnyiramwiza/Documents/ArtistGrow/artistGrow-backend/build/src/constants/email-templates.js","statementMap":{"0":{"start":{"line":2,"column":0},"end":{"line":2,"column":62}},"1":{"start":{"line":3,"column":0},"end":{"line":3,"column":73}},"2":{"start":{"line":5,"column":0},"end":{"line":7,"column":104}},"3":{"start":{"line":6,"column":4},"end":{"line":6,"column":63}},"4":{"start":{"line":9,"column":0},"end":{"line":11,"column":98}},"5":{"start":{"line":10,"column":4},"end":{"line":10,"column":65}}},"fnMap":{"0":{"name":"(anonymous_0)","decl":{"start":{"line":5,"column":1},"end":{"line":5,"column":2}},"loc":{"start":{"line":5,"column":36},"end":{"line":7,"column":1}},"line":5},"1":{"name":"(anonymous_1)","decl":{"start":{"line":9,"column":1},"end":{"line":9,"column":2}},"loc":{"start":{"line":9,"column":34},"end":{"line":11,"column":1}},"line":9}},"branchMap":{"0":{"loc":{"start":{"line":7,"column":29},"end":{"line":7,"column":102}},"type":"binary-expr","locations":[{"start":{"line":7,"column":29},"end":{"line":7,"column":60}},{"start":{"line":7,"column":65},"end":{"line":7,"column":101}}],"line":7},"1":{"loc":{"start":{"line":11,"column":27},"end":{"line":11,"column":96}},"type":"binary-expr","locations":[{"start":{"line":11,"column":27},"end":{"line":11,"column":56}},{"start":{"line":11,"column":61},"end":{"line":11,"column":95}}],"line":11}},"s":{"0":0,"1":0,"2":0,"3":0,"4":0,"5":0},"f":{"0":0,"1":0},"b":{"0":[0,0],"1":[0,0]},"inputSourceMap":{"version":3,"file":"email-templates.js","sourceRoot":"","sources":["../../../src/constants/email-templates.ts"],"names":[],"mappings":";;;AAAA,IAAY,uBAEX;AAFD,WAAY,uBAAuB;IACjC,0DAA+B,CAAA;AACjC,CAAC,EAFW,uBAAuB,GAAvB,+BAAuB,KAAvB,+BAAuB,QAElC;AAED,IAAY,qBAEX;AAFD,WAAY,qBAAqB;IAC/B,4DAAmC,CAAA;AACrC,CAAC,EAFW,qBAAqB,GAArB,6BAAqB,KAArB,6BAAqB,QAEhC"},"all":true},"/Users/jeannedarcnyiramwiza/Documents/ArtistGrow/artistGrow-backend/build/src/constants/http-codes.js":{"path":"/Users/jeannedarcnyiramwiza/Documents/ArtistGrow/artistGrow-backend/build/src/constants/http-codes.js","statementMap":{"0":{"start":{"line":2,"column":0},"end":{"line":2,"column":62}},"1":{"start":{"line":3,"column":0},"end":{"line":3,"column":28}},"2":{"start":{"line":5,"column":0},"end":{"line":10,"column":65}},"3":{"start":{"line":6,"column":4},"end":{"line":6,"column":84}},"4":{"start":{"line":7,"column":4},"end":{"line":7,"column":60}},"5":{"start":{"line":8,"column":4},"end":{"line":8,"column":60}},"6":{"start":{"line":9,"column":4},"end":{"line":9,"column":66}}},"fnMap":{"0":{"name":"(anonymous_0)","decl":{"start":{"line":5,"column":1},"end":{"line":5,"column":2}},"loc":{"start":{"line":5,"column":23},"end":{"line":10,"column":1}},"line":5}},"branchMap":{"0":{"loc":{"start":{"line":10,"column":16},"end":{"line":10,"column":63}},"type":"binary-expr","locations":[{"start":{"line":10,"column":16},"end":{"line":10,"column":34}},{"start":{"line":10,"column":39},"end":{"line":10,"column":62}}],"line":10}},"s":{"0":0,"1":0,"2":0,"3":0,"4":0,"5":0,"6":0},"f":{"0":0},"b":{"0":[0,0]},"inputSourceMap":{"version":3,"file":"http-codes.js","sourceRoot":"","sources":["../../../src/constants/http-codes.ts"],"names":[],"mappings":";;;AAAA,IAAY,UAKX;AALD,WAAY,UAAU;IACpB,+EAA2B,CAAA;IAC3B,uDAAe,CAAA;IACf,uDAAe,CAAA;IACf,6DAAkB,CAAA;AACpB,CAAC,EALW,UAAU,GAAV,kBAAU,KAAV,kBAAU,QAKrB"},"all":true},"/Users/jeannedarcnyiramwiza/Documents/ArtistGrow/artistGrow-backend/build/src/constants/unsecure-routes.js":{"path":"/Users/jeannedarcnyiramwiza/Documents/ArtistGrow/artistGrow-backend/build/src/constants/unsecure-routes.js","statementMap":{"0":{"start":{"line":2,"column":0},"end":{"line":2,"column":62}},"1":{"start":{"line":3,"column":0},"end":{"line":3,"column":33}},"2":{"start":{"line":4,"column":0},"end":{"line":9,"column":2}}},"fnMap":{},"branchMap":{},"s":{"0":0,"1":0,"2":0},"f":{},"b":{},"inputSourceMap":{"version":3,"file":"unsecure-routes.js","sourceRoot":"","sources":["../../../src/constants/unsecure-routes.ts"],"names":[],"mappings":";;;AAAa,QAAA,eAAe,GAAG;IAC7B;QACE,MAAM,EAAE,MAAM;QACd,IAAI,EAAE,aAAa;KACpB;CACF,CAAC"},"all":true},"/Users/jeannedarcnyiramwiza/Documents/ArtistGrow/artistGrow-backend/build/src/controllers/users.controller.js":{"path":"/Users/jeannedarcnyiramwiza/Documents/ArtistGrow/artistGrow-backend/build/src/controllers/users.controller.js","statementMap":{"0":{"start":{"line":2,"column":17},"end":{"line":7,"column":1}},"1":{"start":{"line":3,"column":12},"end":{"line":3,"column":28}},"2":{"start":{"line":3,"column":34},"end":{"line":3,"column":125}},"3":{"start":{"line":4,"column":4},"end":{"line":5,"column":150}},"4":{"start":{"line":4,"column":79},"end":{"line":4,"column":131}},"5":{"start":{"line":5,"column":9},"end":{"line":5,"column":150}},"6":{"start":{"line":5,"column":22},"end":{"line":5,"column":43}},"7":{"start":{"line":5,"column":58},"end":{"line":5,"column":150}},"8":{"start":{"line":5,"column":81},"end":{"line":5,"column":150}},"9":{"start":{"line":6,"column":4},"end":{"line":6,"column":66}},"10":{"start":{"line":8,"column":17},"end":{"line":10,"column":1}},"11":{"start":{"line":9,"column":4},"end":{"line":9,"column":109}},"12":{"start":{"line":9,"column":79},"end":{"line":9,"column":109}},"13":{"start":{"line":11,"column":16},"end":{"line":19,"column":1}},"14":{"start":{"line":12,"column":28},"end":{"line":12,"column":110}},"15":{"start":{"line":12,"column":91},"end":{"line":12,"column":106}},"16":{"start":{"line":13,"column":4},"end":{"line":18,"column":7}},"17":{"start":{"line":14,"column":36},"end":{"line":14,"column":97}},"18":{"start":{"line":14,"column":42},"end":{"line":14,"column":70}},"19":{"start":{"line":14,"column":85},"end":{"line":14,"column":95}},"20":{"start":{"line":15,"column":35},"end":{"line":15,"column":100}},"21":{"start":{"line":15,"column":41},"end":{"line":15,"column":73}},"22":{"start":{"line":15,"column":88},"end":{"line":15,"column":98}},"23":{"start":{"line":16,"column":32},"end":{"line":16,"column":116}},"24":{"start":{"line":17,"column":8},"end":{"line":17,"column":78}},"25":{"start":{"line":20,"column":18},"end":{"line":46,"column":1}},"26":{"start":{"line":21,"column":12},"end":{"line":21,"column":104}},"27":{"start":{"line":21,"column":43},"end":{"line":21,"column":68}},"28":{"start":{"line":21,"column":57},"end":{"line":21,"column":68}},"29":{"start":{"line":21,"column":69},"end":{"line":21,"column":81}},"30":{"start":{"line":22,"column":4},"end":{"line":22,"column":157}},"31":{"start":{"line":22,"column":138},"end":{"line":22,"column":150}},"32":{"start":{"line":23,"column":23},"end":{"line":23,"column":68}},"33":{"start":{"line":23,"column":45},"end":{"line":23,"column":65}},"34":{"start":{"line":25,"column":8},"end":{"line":25,"column":70}},"35":{"start":{"line":25,"column":15},"end":{"line":25,"column":70}},"36":{"start":{"line":26,"column":8},"end":{"line":43,"column":66}},"37":{"start":{"line":26,"column":18},"end":{"line":43,"column":66}},"38":{"start":{"line":27,"column":12},"end":{"line":27,"column":169}},"39":{"start":{"line":27,"column":160},"end":{"line":27,"column":169}},"40":{"start":{"line":28,"column":12},"end":{"line":28,"column":52}},"41":{"start":{"line":28,"column":26},"end":{"line":28,"column":52}},"42":{"start":{"line":29,"column":12},"end":{"line":41,"column":13}},"43":{"start":{"line":30,"column":32},"end":{"line":30,"column":39}},"44":{"start":{"line":30,"column":40},"end":{"line":30,"column":46}},"45":{"start":{"line":31,"column":24},"end":{"line":31,"column":34}},"46":{"start":{"line":31,"column":35},"end":{"line":31,"column":72}},"47":{"start":{"line":32,"column":24},"end":{"line":32,"column":34}},"48":{"start":{"line":32,"column":35},"end":{"line":32,"column":45}},"49":{"start":{"line":32,"column":46},"end":{"line":32,"column":55}},"50":{"start":{"line":32,"column":56},"end":{"line":32,"column":65}},"51":{"start":{"line":33,"column":24},"end":{"line":33,"column":41}},"52":{"start":{"line":33,"column":42},"end":{"line":33,"column":55}},"53":{"start":{"line":33,"column":56},"end":{"line":33,"column":65}},"54":{"start":{"line":35,"column":20},"end":{"line":35,"column":128}},"55":{"start":{"line":35,"column":110},"end":{"line":35,"column":116}},"56":{"start":{"line":35,"column":117},"end":{"line":35,"column":126}},"57":{"start":{"line":36,"column":20},"end":{"line":36,"column":106}},"58":{"start":{"line":36,"column":81},"end":{"line":36,"column":97}},"59":{"start":{"line":36,"column":98},"end":{"line":36,"column":104}},"60":{"start":{"line":37,"column":20},"end":{"line":37,"column":89}},"61":{"start":{"line":37,"column":57},"end":{"line":37,"column":72}},"62":{"start":{"line":37,"column":73},"end":{"line":37,"column":80}},"63":{"start":{"line":37,"column":81},"end":{"line":37,"column":87}},"64":{"start":{"line":38,"column":20},"end":{"line":38,"column":87}},"65":{"start":{"line":38,"column":47},"end":{"line":38,"column":62}},"66":{"start":{"line":38,"column":63},"end":{"line":38,"column":78}},"67":{"start":{"line":38,"column":79},"end":{"line":38,"column":85}},"68":{"start":{"line":39,"column":20},"end":{"line":39,"column":42}},"69":{"start":{"line":39,"column":30},"end":{"line":39,"column":42}},"70":{"start":{"line":40,"column":20},"end":{"line":40,"column":33}},"71":{"start":{"line":40,"column":34},"end":{"line":40,"column":43}},"72":{"start":{"line":42,"column":12},"end":{"line":42,"column":39}},"73":{"start":{"line":43,"column":22},"end":{"line":43,"column":34}},"74":{"start":{"line":43,"column":35},"end":{"line":43,"column":41}},"75":{"start":{"line":43,"column":54},"end":{"line":43,"column":64}},"76":{"start":{"line":44,"column":8},"end":{"line":44,"column":35}},"77":{"start":{"line":44,"column":23},"end":{"line":44,"column":35}},"78":{"start":{"line":44,"column":36},"end":{"line":44,"column":89}},"79":{"start":{"line":47,"column":0},"end":{"line":47,"column":62}},"80":{"start":{"line":48,"column":15},"end":{"line":48,"column":32}},"81":{"start":{"line":49,"column":19},"end":{"line":49,"column":53}},"82":{"start":{"line":50,"column":30},"end":{"line":50,"column":76}},"83":{"start":{"line":51,"column":25},"end":{"line":51,"column":66}},"84":{"start":{"line":52,"column":22},"end":{"line":52,"column":58}},"85":{"start":{"line":54,"column":37},"end":{"line":181,"column":3}},"86":{"start":{"line":56,"column":8},"end":{"line":56,"column":41}},"87":{"start":{"line":58,"column":4},"end":{"line":80,"column":6}},"88":{"start":{"line":59,"column":8},"end":{"line":79,"column":11}},"89":{"start":{"line":61,"column":12},"end":{"line":78,"column":15}},"90":{"start":{"line":62,"column":16},"end":{"line":77,"column":17}},"91":{"start":{"line":64,"column":24},"end":{"line":64,"column":50}},"92":{"start":{"line":65,"column":24},"end":{"line":65,"column":70}},"93":{"start":{"line":67,"column":24},"end":{"line":67,"column":43}},"94":{"start":{"line":68,"column":24},"end":{"line":68,"column":51}},"95":{"start":{"line":69,"column":24},"end":{"line":69,"column":48}},"96":{"start":{"line":71,"column":24},"end":{"line":71,"column":44}},"97":{"start":{"line":72,"column":24},"end":{"line":74,"column":64}},"98":{"start":{"line":75,"column":24},"end":{"line":75,"column":48}},"99":{"start":{"line":76,"column":28},"end":{"line":76,"column":50}},"100":{"start":{"line":81,"column":4},"end":{"line":103,"column":6}},"101":{"start":{"line":82,"column":8},"end":{"line":102,"column":11}},"102":{"start":{"line":84,"column":12},"end":{"line":101,"column":15}},"103":{"start":{"line":85,"column":16},"end":{"line":100,"column":17}},"104":{"start":{"line":87,"column":24},"end":{"line":87,"column":50}},"105":{"start":{"line":88,"column":24},"end":{"line":88,"column":81}},"106":{"start":{"line":90,"column":24},"end":{"line":90,"column":43}},"107":{"start":{"line":91,"column":24},"end":{"line":91,"column":51}},"108":{"start":{"line":92,"column":24},"end":{"line":92,"column":48}},"109":{"start":{"line":94,"column":24},"end":{"line":94,"column":44}},"110":{"start":{"line":95,"column":24},"end":{"line":97,"column":64}},"111":{"start":{"line":98,"column":24},"end":{"line":98,"column":48}},"112":{"start":{"line":99,"column":28},"end":{"line":99,"column":50}},"113":{"start":{"line":104,"column":4},"end":{"line":126,"column":6}},"114":{"start":{"line":105,"column":8},"end":{"line":125,"column":11}},"115":{"start":{"line":107,"column":12},"end":{"line":124,"column":15}},"116":{"start":{"line":108,"column":16},"end":{"line":123,"column":17}},"117":{"start":{"line":110,"column":24},"end":{"line":110,"column":50}},"118":{"start":{"line":111,"column":24},"end":{"line":111,"column":80}},"119":{"start":{"line":113,"column":24},"end":{"line":113,"column":43}},"120":{"start":{"line":114,"column":24},"end":{"line":114,"column":51}},"121":{"start":{"line":115,"column":24},"end":{"line":115,"column":48}},"122":{"start":{"line":117,"column":24},"end":{"line":117,"column":44}},"123":{"start":{"line":118,"column":24},"end":{"line":120,"column":64}},"124":{"start":{"line":121,"column":24},"end":{"line":121,"column":48}},"125":{"start":{"line":122,"column":28},"end":{"line":122,"column":50}},"126":{"start":{"line":127,"column":4},"end":{"line":150,"column":6}},"127":{"start":{"line":129,"column":8},"end":{"line":149,"column":11}},"128":{"start":{"line":131,"column":12},"end":{"line":148,"column":15}},"129":{"start":{"line":132,"column":16},"end":{"line":147,"column":17}},"130":{"start":{"line":134,"column":24},"end":{"line":134,"column":50}},"131":{"start":{"line":135,"column":24},"end":{"line":135,"column":138}},"132":{"start":{"line":137,"column":24},"end":{"line":137,"column":43}},"133":{"start":{"line":138,"column":24},"end":{"line":138,"column":51}},"134":{"start":{"line":139,"column":24},"end":{"line":139,"column":48}},"135":{"start":{"line":141,"column":24},"end":{"line":141,"column":44}},"136":{"start":{"line":142,"column":24},"end":{"line":144,"column":64}},"137":{"start":{"line":145,"column":24},"end":{"line":145,"column":48}},"138":{"start":{"line":146,"column":28},"end":{"line":146,"column":50}},"139":{"start":{"line":151,"column":4},"end":{"line":156,"column":47}},"140":{"start":{"line":157,"column":4},"end":{"line":162,"column":50}},"141":{"start":{"line":163,"column":4},"end":{"line":168,"column":49}},"142":{"start":{"line":169,"column":4},"end":{"line":174,"column":59}},"143":{"start":{"line":175,"column":4},"end":{"line":179,"column":24}},"144":{"start":{"line":180,"column":4},"end":{"line":180,"column":27}},"145":{"start":{"line":182,"column":0},"end":{"line":182,"column":34}}},"fnMap":{"0":{"name":"(anonymous_0)","decl":{"start":{"line":2,"column":46},"end":{"line":2,"column":47}},"loc":{"start":{"line":2,"column":87},"end":{"line":7,"column":1}},"line":2},"1":{"name":"(anonymous_1)","decl":{"start":{"line":8,"column":46},"end":{"line":8,"column":47}},"loc":{"start":{"line":8,"column":62},"end":{"line":10,"column":1}},"line":8},"2":{"name":"(anonymous_2)","decl":{"start":{"line":11,"column":44},"end":{"line":11,"column":45}},"loc":{"start":{"line":11,"column":89},"end":{"line":19,"column":1}},"line":11},"3":{"name":"adopt","decl":{"start":{"line":12,"column":13},"end":{"line":12,"column":18}},"loc":{"start":{"line":12,"column":26},"end":{"line":12,"column":112}},"line":12},"4":{"name":"(anonymous_4)","decl":{"start":{"line":12,"column":70},"end":{"line":12,"column":71}},"loc":{"start":{"line":12,"column":89},"end":{"line":12,"column":108}},"line":12},"5":{"name":"(anonymous_5)","decl":{"start":{"line":13,"column":36},"end":{"line":13,"column":37}},"loc":{"start":{"line":13,"column":63},"end":{"line":18,"column":5}},"line":13},"6":{"name":"fulfilled","decl":{"start":{"line":14,"column":17},"end":{"line":14,"column":26}},"loc":{"start":{"line":14,"column":34},"end":{"line":14,"column":99}},"line":14},"7":{"name":"rejected","decl":{"start":{"line":15,"column":17},"end":{"line":15,"column":25}},"loc":{"start":{"line":15,"column":33},"end":{"line":15,"column":102}},"line":15},"8":{"name":"step","decl":{"start":{"line":16,"column":17},"end":{"line":16,"column":21}},"loc":{"start":{"line":16,"column":30},"end":{"line":16,"column":118}},"line":16},"9":{"name":"(anonymous_9)","decl":{"start":{"line":20,"column":48},"end":{"line":20,"column":49}},"loc":{"start":{"line":20,"column":73},"end":{"line":46,"column":1}},"line":20},"10":{"name":"(anonymous_10)","decl":{"start":{"line":21,"column":30},"end":{"line":21,"column":31}},"loc":{"start":{"line":21,"column":41},"end":{"line":21,"column":83}},"line":21},"11":{"name":"(anonymous_11)","decl":{"start":{"line":22,"column":125},"end":{"line":22,"column":126}},"loc":{"start":{"line":22,"column":136},"end":{"line":22,"column":152}},"line":22},"12":{"name":"verb","decl":{"start":{"line":23,"column":13},"end":{"line":23,"column":17}},"loc":{"start":{"line":23,"column":21},"end":{"line":23,"column":70}},"line":23},"13":{"name":"(anonymous_13)","decl":{"start":{"line":23,"column":30},"end":{"line":23,"column":31}},"loc":{"start":{"line":23,"column":43},"end":{"line":23,"column":67}},"line":23},"14":{"name":"step","decl":{"start":{"line":24,"column":13},"end":{"line":24,"column":17}},"loc":{"start":{"line":24,"column":22},"end":{"line":45,"column":5}},"line":24},"15":{"name":"(anonymous_15)","decl":{"start":{"line":54,"column":37},"end":{"line":54,"column":38}},"loc":{"start":{"line":54,"column":49},"end":{"line":181,"column":1}},"line":54},"16":{"name":"UsersController","decl":{"start":{"line":55,"column":13},"end":{"line":55,"column":28}},"loc":{"start":{"line":55,"column":43},"end":{"line":57,"column":5}},"line":55},"17":{"name":"(anonymous_17)","decl":{"start":{"line":58,"column":36},"end":{"line":58,"column":37}},"loc":{"start":{"line":58,"column":56},"end":{"line":80,"column":5}},"line":58},"18":{"name":"(anonymous_18)","decl":{"start":{"line":59,"column":47},"end":{"line":59,"column":48}},"loc":{"start":{"line":59,"column":59},"end":{"line":79,"column":9}},"line":59},"19":{"name":"(anonymous_19)","decl":{"start":{"line":61,"column":37},"end":{"line":61,"column":38}},"loc":{"start":{"line":61,"column":51},"end":{"line":78,"column":13}},"line":61},"20":{"name":"(anonymous_20)","decl":{"start":{"line":81,"column":39},"end":{"line":81,"column":40}},"loc":{"start":{"line":81,"column":59},"end":{"line":103,"column":5}},"line":81},"21":{"name":"(anonymous_21)","decl":{"start":{"line":82,"column":47},"end":{"line":82,"column":48}},"loc":{"start":{"line":82,"column":59},"end":{"line":102,"column":9}},"line":82},"22":{"name":"(anonymous_22)","decl":{"start":{"line":84,"column":37},"end":{"line":84,"column":38}},"loc":{"start":{"line":84,"column":51},"end":{"line":101,"column":13}},"line":84},"23":{"name":"(anonymous_23)","decl":{"start":{"line":104,"column":38},"end":{"line":104,"column":39}},"loc":{"start":{"line":104,"column":58},"end":{"line":126,"column":5}},"line":104},"24":{"name":"(anonymous_24)","decl":{"start":{"line":105,"column":47},"end":{"line":105,"column":48}},"loc":{"start":{"line":105,"column":59},"end":{"line":125,"column":9}},"line":105},"25":{"name":"(anonymous_25)","decl":{"start":{"line":107,"column":37},"end":{"line":107,"column":38}},"loc":{"start":{"line":107,"column":51},"end":{"line":124,"column":13}},"line":107},"26":{"name":"(anonymous_26)","decl":{"start":{"line":127,"column":48},"end":{"line":127,"column":49}},"loc":{"start":{"line":127,"column":68},"end":{"line":150,"column":5}},"line":127},"27":{"name":"(anonymous_27)","decl":{"start":{"line":129,"column":47},"end":{"line":129,"column":48}},"loc":{"start":{"line":129,"column":59},"end":{"line":149,"column":9}},"line":129},"28":{"name":"(anonymous_28)","decl":{"start":{"line":131,"column":37},"end":{"line":131,"column":38}},"loc":{"start":{"line":131,"column":51},"end":{"line":148,"column":13}},"line":131}},"branchMap":{"0":{"loc":{"start":{"line":2,"column":17},"end":{"line":7,"column":1}},"type":"binary-expr","locations":[{"start":{"line":2,"column":18},"end":{"line":2,"column":22}},{"start":{"line":2,"column":26},"end":{"line":2,"column":41}},{"start":{"line":2,"column":46},"end":{"line":7,"column":1}}],"line":2},"1":{"loc":{"start":{"line":3,"column":34},"end":{"line":3,"column":125}},"type":"cond-expr","locations":[{"start":{"line":3,"column":42},"end":{"line":3,"column":48}},{"start":{"line":3,"column":51},"end":{"line":3,"column":125}}],"line":3},"2":{"loc":{"start":{"line":3,"column":51},"end":{"line":3,"column":125}},"type":"cond-expr","locations":[{"start":{"line":3,"column":67},"end":{"line":3,"column":118}},{"start":{"line":3,"column":121},"end":{"line":3,"column":125}}],"line":3},"3":{"loc":{"start":{"line":4,"column":4},"end":{"line":5,"column":150}},"type":"if","locations":[{"start":{"line":4,"column":4},"end":{"line":5,"column":150}},{"start":{"line":4,"column":4},"end":{"line":5,"column":150}}],"line":4},"4":{"loc":{"start":{"line":4,"column":8},"end":{"line":4,"column":77}},"type":"binary-expr","locations":[{"start":{"line":4,"column":8},"end":{"line":4,"column":35}},{"start":{"line":4,"column":39},"end":{"line":4,"column":77}}],"line":4},"5":{"loc":{"start":{"line":5,"column":58},"end":{"line":5,"column":150}},"type":"if","locations":[{"start":{"line":5,"column":58},"end":{"line":5,"column":150}},{"start":{"line":5,"column":58},"end":{"line":5,"column":150}}],"line":5},"6":{"loc":{"start":{"line":5,"column":85},"end":{"line":5,"column":149}},"type":"binary-expr","locations":[{"start":{"line":5,"column":86},"end":{"line":5,"column":143}},{"start":{"line":5,"column":148},"end":{"line":5,"column":149}}],"line":5},"7":{"loc":{"start":{"line":5,"column":86},"end":{"line":5,"column":143}},"type":"cond-expr","locations":[{"start":{"line":5,"column":94},"end":{"line":5,"column":98}},{"start":{"line":5,"column":101},"end":{"line":5,"column":143}}],"line":5},"8":{"loc":{"start":{"line":5,"column":101},"end":{"line":5,"column":143}},"type":"cond-expr","locations":[{"start":{"line":5,"column":109},"end":{"line":5,"column":126}},{"start":{"line":5,"column":129},"end":{"line":5,"column":143}}],"line":5},"9":{"loc":{"start":{"line":6,"column":11},"end":{"line":6,"column":62}},"type":"binary-expr","locations":[{"start":{"line":6,"column":11},"end":{"line":6,"column":16}},{"start":{"line":6,"column":20},"end":{"line":6,"column":21}},{"start":{"line":6,"column":25},"end":{"line":6,"column":62}}],"line":6},"10":{"loc":{"start":{"line":8,"column":17},"end":{"line":10,"column":1}},"type":"binary-expr","locations":[{"start":{"line":8,"column":18},"end":{"line":8,"column":22}},{"start":{"line":8,"column":26},"end":{"line":8,"column":41}},{"start":{"line":8,"column":46},"end":{"line":10,"column":1}}],"line":8},"11":{"loc":{"start":{"line":9,"column":4},"end":{"line":9,"column":109}},"type":"if","locations":[{"start":{"line":9,"column":4},"end":{"line":9,"column":109}},{"start":{"line":9,"column":4},"end":{"line":9,"column":109}}],"line":9},"12":{"loc":{"start":{"line":9,"column":8},"end":{"line":9,"column":77}},"type":"binary-expr","locations":[{"start":{"line":9,"column":8},"end":{"line":9,"column":35}},{"start":{"line":9,"column":39},"end":{"line":9,"column":77}}],"line":9},"13":{"loc":{"start":{"line":11,"column":16},"end":{"line":19,"column":1}},"type":"binary-expr","locations":[{"start":{"line":11,"column":17},"end":{"line":11,"column":21}},{"start":{"line":11,"column":25},"end":{"line":11,"column":39}},{"start":{"line":11,"column":44},"end":{"line":19,"column":1}}],"line":11},"14":{"loc":{"start":{"line":12,"column":35},"end":{"line":12,"column":109}},"type":"cond-expr","locations":[{"start":{"line":12,"column":56},"end":{"line":12,"column":61}},{"start":{"line":12,"column":64},"end":{"line":12,"column":109}}],"line":12},"15":{"loc":{"start":{"line":13,"column":16},"end":{"line":13,"column":34}},"type":"binary-expr","locations":[{"start":{"line":13,"column":16},"end":{"line":13,"column":17}},{"start":{"line":13,"column":22},"end":{"line":13,"column":33}}],"line":13},"16":{"loc":{"start":{"line":16,"column":32},"end":{"line":16,"column":115}},"type":"cond-expr","locations":[{"start":{"line":16,"column":46},"end":{"line":16,"column":67}},{"start":{"line":16,"column":70},"end":{"line":16,"column":115}}],"line":16},"17":{"loc":{"start":{"line":17,"column":51},"end":{"line":17,"column":67}},"type":"binary-expr","locations":[{"start":{"line":17,"column":51},"end":{"line":17,"column":61}},{"start":{"line":17,"column":65},"end":{"line":17,"column":67}}],"line":17},"18":{"loc":{"start":{"line":20,"column":18},"end":{"line":46,"column":1}},"type":"binary-expr","locations":[{"start":{"line":20,"column":19},"end":{"line":20,"column":23}},{"start":{"line":20,"column":27},"end":{"line":20,"column":43}},{"start":{"line":20,"column":48},"end":{"line":46,"column":1}}],"line":20},"19":{"loc":{"start":{"line":21,"column":43},"end":{"line":21,"column":68}},"type":"if","locations":[{"start":{"line":21,"column":43},"end":{"line":21,"column":68}},{"start":{"line":21,"column":43},"end":{"line":21,"column":68}}],"line":21},"20":{"loc":{"start":{"line":22,"column":71},"end":{"line":22,"column":153}},"type":"binary-expr","locations":[{"start":{"line":22,"column":71},"end":{"line":22,"column":99}},{"start":{"line":22,"column":104},"end":{"line":22,"column":152}}],"line":22},"21":{"loc":{"start":{"line":25,"column":8},"end":{"line":25,"column":70}},"type":"if","locations":[{"start":{"line":25,"column":8},"end":{"line":25,"column":70}},{"start":{"line":25,"column":8},"end":{"line":25,"column":70}}],"line":25},"22":{"loc":{"start":{"line":27,"column":12},"end":{"line":27,"column":169}},"type":"if","locations":[{"start":{"line":27,"column":12},"end":{"line":27,"column":169}},{"start":{"line":27,"column":12},"end":{"line":27,"column":169}}],"line":27},"23":{"loc":{"start":{"line":27,"column":23},"end":{"line":27,"column":158}},"type":"binary-expr","locations":[{"start":{"line":27,"column":23},"end":{"line":27,"column":24}},{"start":{"line":27,"column":29},"end":{"line":27,"column":125}},{"start":{"line":27,"column":130},"end":{"line":27,"column":158}}],"line":27},"24":{"loc":{"start":{"line":27,"column":33},"end":{"line":27,"column":125}},"type":"cond-expr","locations":[{"start":{"line":27,"column":45},"end":{"line":27,"column":56}},{"start":{"line":27,"column":59},"end":{"line":27,"column":125}}],"line":27},"25":{"loc":{"start":{"line":27,"column":59},"end":{"line":27,"column":125}},"type":"cond-expr","locations":[{"start":{"line":27,"column":67},"end":{"line":27,"column":116}},{"start":{"line":27,"column":119},"end":{"line":27,"column":125}}],"line":27},"26":{"loc":{"start":{"line":27,"column":67},"end":{"line":27,"column":116}},"type":"binary-expr","locations":[{"start":{"line":27,"column":67},"end":{"line":27,"column":77}},{"start":{"line":27,"column":82},"end":{"line":27,"column":115}}],"line":27},"27":{"loc":{"start":{"line":27,"column":82},"end":{"line":27,"column":112}},"type":"binary-expr","locations":[{"start":{"line":27,"column":83},"end":{"line":27,"column":98}},{"start":{"line":27,"column":103},"end":{"line":27,"column":112}}],"line":27},"28":{"loc":{"start":{"line":28,"column":12},"end":{"line":28,"column":52}},"type":"if","locations":[{"start":{"line":28,"column":12},"end":{"line":28,"column":52}},{"start":{"line":28,"column":12},"end":{"line":28,"column":52}}],"line":28},"29":{"loc":{"start":{"line":29,"column":12},"end":{"line":41,"column":13}},"type":"switch","locations":[{"start":{"line":30,"column":16},"end":{"line":30,"column":23}},{"start":{"line":30,"column":24},"end":{"line":30,"column":46}},{"start":{"line":31,"column":16},"end":{"line":31,"column":72}},{"start":{"line":32,"column":16},"end":{"line":32,"column":65}},{"start":{"line":33,"column":16},"end":{"line":33,"column":65}},{"start":{"line":34,"column":16},"end":{"line":40,"column":43}}],"line":29},"30":{"loc":{"start":{"line":35,"column":20},"end":{"line":35,"column":128}},"type":"if","locations":[{"start":{"line":35,"column":20},"end":{"line":35,"column":128}},{"start":{"line":35,"column":20},"end":{"line":35,"column":128}}],"line":35},"31":{"loc":{"start":{"line":35,"column":24},"end":{"line":35,"column":106}},"type":"binary-expr","locations":[{"start":{"line":35,"column":24},"end":{"line":35,"column":74}},{"start":{"line":35,"column":79},"end":{"line":35,"column":90}},{"start":{"line":35,"column":94},"end":{"line":35,"column":105}}],"line":35},"32":{"loc":{"start":{"line":35,"column":42},"end":{"line":35,"column":73}},"type":"binary-expr","locations":[{"start":{"line":35,"column":42},"end":{"line":35,"column":54}},{"start":{"line":35,"column":58},"end":{"line":35,"column":73}}],"line":35},"33":{"loc":{"start":{"line":36,"column":20},"end":{"line":36,"column":106}},"type":"if","locations":[{"start":{"line":36,"column":20},"end":{"line":36,"column":106}},{"start":{"line":36,"column":20},"end":{"line":36,"column":106}}],"line":36},"34":{"loc":{"start":{"line":36,"column":24},"end":{"line":36,"column":77}},"type":"binary-expr","locations":[{"start":{"line":36,"column":24},"end":{"line":36,"column":35}},{"start":{"line":36,"column":40},"end":{"line":36,"column":42}},{"start":{"line":36,"column":47},"end":{"line":36,"column":59}},{"start":{"line":36,"column":63},"end":{"line":36,"column":75}}],"line":36},"35":{"loc":{"start":{"line":37,"column":20},"end":{"line":37,"column":89}},"type":"if","locations":[{"start":{"line":37,"column":20},"end":{"line":37,"column":89}},{"start":{"line":37,"column":20},"end":{"line":37,"column":89}}],"line":37},"36":{"loc":{"start":{"line":37,"column":24},"end":{"line":37,"column":53}},"type":"binary-expr","locations":[{"start":{"line":37,"column":24},"end":{"line":37,"column":35}},{"start":{"line":37,"column":39},"end":{"line":37,"column":53}}],"line":37},"37":{"loc":{"start":{"line":38,"column":20},"end":{"line":38,"column":87}},"type":"if","locations":[{"start":{"line":38,"column":20},"end":{"line":38,"column":87}},{"start":{"line":38,"column":20},"end":{"line":38,"column":87}}],"line":38},"38":{"loc":{"start":{"line":38,"column":24},"end":{"line":38,"column":43}},"type":"binary-expr","locations":[{"start":{"line":38,"column":24},"end":{"line":38,"column":25}},{"start":{"line":38,"column":29},"end":{"line":38,"column":43}}],"line":38},"39":{"loc":{"start":{"line":39,"column":20},"end":{"line":39,"column":42}},"type":"if","locations":[{"start":{"line":39,"column":20},"end":{"line":39,"column":42}},{"start":{"line":39,"column":20},"end":{"line":39,"column":42}}],"line":39},"40":{"loc":{"start":{"line":44,"column":8},"end":{"line":44,"column":35}},"type":"if","locations":[{"start":{"line":44,"column":8},"end":{"line":44,"column":35}},{"start":{"line":44,"column":8},"end":{"line":44,"column":35}}],"line":44},"41":{"loc":{"start":{"line":44,"column":52},"end":{"line":44,"column":74}},"type":"cond-expr","locations":[{"start":{"line":44,"column":60},"end":{"line":44,"column":65}},{"start":{"line":44,"column":68},"end":{"line":44,"column":74}}],"line":44},"42":{"loc":{"start":{"line":62,"column":16},"end":{"line":77,"column":17}},"type":"switch","locations":[{"start":{"line":63,"column":20},"end":{"line":65,"column":70}},{"start":{"line":66,"column":20},"end":{"line":69,"column":48}},{"start":{"line":70,"column":20},"end":{"line":75,"column":48}},{"start":{"line":76,"column":20},"end":{"line":76,"column":50}}],"line":62},"43":{"loc":{"start":{"line":73,"column":36},"end":{"line":73,"column":103}},"type":"binary-expr","locations":[{"start":{"line":73,"column":36},"end":{"line":73,"column":54}},{"start":{"line":73,"column":58},"end":{"line":73,"column":103}}],"line":73},"44":{"loc":{"start":{"line":85,"column":16},"end":{"line":100,"column":17}},"type":"switch","locations":[{"start":{"line":86,"column":20},"end":{"line":88,"column":81}},{"start":{"line":89,"column":20},"end":{"line":92,"column":48}},{"start":{"line":93,"column":20},"end":{"line":98,"column":48}},{"start":{"line":99,"column":20},"end":{"line":99,"column":50}}],"line":85},"45":{"loc":{"start":{"line":96,"column":36},"end":{"line":96,"column":103}},"type":"binary-expr","locations":[{"start":{"line":96,"column":36},"end":{"line":96,"column":54}},{"start":{"line":96,"column":58},"end":{"line":96,"column":103}}],"line":96},"46":{"loc":{"start":{"line":108,"column":16},"end":{"line":123,"column":17}},"type":"switch","locations":[{"start":{"line":109,"column":20},"end":{"line":111,"column":80}},{"start":{"line":112,"column":20},"end":{"line":115,"column":48}},{"start":{"line":116,"column":20},"end":{"line":121,"column":48}},{"start":{"line":122,"column":20},"end":{"line":122,"column":50}}],"line":108},"47":{"loc":{"start":{"line":119,"column":36},"end":{"line":119,"column":103}},"type":"binary-expr","locations":[{"start":{"line":119,"column":36},"end":{"line":119,"column":54}},{"start":{"line":119,"column":58},"end":{"line":119,"column":103}}],"line":119},"48":{"loc":{"start":{"line":132,"column":16},"end":{"line":147,"column":17}},"type":"switch","locations":[{"start":{"line":133,"column":20},"end":{"line":135,"column":138}},{"start":{"line":136,"column":20},"end":{"line":139,"column":48}},{"start":{"line":140,"column":20},"end":{"line":145,"column":48}},{"start":{"line":146,"column":20},"end":{"line":146,"column":50}}],"line":132},"49":{"loc":{"start":{"line":135,"column":74},"end":{"line":135,"column":135}},"type":"cond-expr","locations":[{"start":{"line":135,"column":118},"end":{"line":135,"column":124}},{"start":{"line":135,"column":127},"end":{"line":135,"column":135}}],"line":135},"50":{"loc":{"start":{"line":135,"column":74},"end":{"line":135,"column":115}},"type":"binary-expr","locations":[{"start":{"line":135,"column":74},"end":{"line":135,"column":98}},{"start":{"line":135,"column":102},"end":{"line":135,"column":115}}],"line":135},"51":{"loc":{"start":{"line":143,"column":36},"end":{"line":143,"column":103}},"type":"binary-expr","locations":[{"start":{"line":143,"column":36},"end":{"line":143,"column":54}},{"start":{"line":143,"column":58},"end":{"line":143,"column":103}}],"line":143}},"s":{"0":0,"1":0,"2":0,"3":0,"4":0,"5":0,"6":0,"7":0,"8":0,"9":0,"10":0,"11":0,"12":0,"13":0,"14":0,"15":0,"16":0,"17":0,"18":0,"19":0,"20":0,"21":0,"22":0,"23":0,"24":0,"25":0,"26":0,"27":0,"28":0,"29":0,"30":0,"31":0,"32":0,"33":0,"34":0,"35":0,"36":0,"37":0,"38":0,"39":0,"40":0,"41":0,"42":0,"43":0,"44":0,"45":0,"46":0,"47":0,"48":0,"49":0,"50":0,"51":0,"52":0,"53":0,"54":0,"55":0,"56":0,"57":0,"58":0,"59":0,"60":0,"61":0,"62":0,"63":0,"64":0,"65":0,"66":0,"67":0,"68":0,"69":0,"70":0,"71":0,"72":0,"73":0,"74":0,"75":0,"76":0,"77":0,"78":0,"79":0,"80":0,"81":0,"82":0,"83":0,"84":0,"85":0,"86":0,"87":0,"88":0,"89":0,"90":0,"91":0,"92":0,"93":0,"94":0,"95":0,"96":0,"97":0,"98":0,"99":0,"100":0,"101":0,"102":0,"103":0,"104":0,"105":0,"106":0,"107":0,"108":0,"109":0,"110":0,"111":0,"112":0,"113":0,"114":0,"115":0,"116":0,"117":0,"118":0,"119":0,"120":0,"121":0,"122":0,"123":0,"124":0,"125":0,"126":0,"127":0,"128":0,"129":0,"130":0,"131":0,"132":0,"133":0,"134":0,"135":0,"136":0,"137":0,"138":0,"139":0,"140":0,"141":0,"142":0,"143":0,"144":0,"145":0},"f":{"0":0,"1":0,"2":0,"3":0,"4":0,"5":0,"6":0,"7":0,"8":0,"9":0,"10":0,"11":0,"12":0,"13":0,"14":0,"15":0,"16":0,"17":0,"18":0,"19":0,"20":0,"21":0,"22":0,"23":0,"24":0,"25":0,"26":0,"27":0,"28":0},"b":{"0":[0,0,0],"1":[0,0],"2":[0,0],"3":[0,0],"4":[0,0],"5":[0,0],"6":[0,0],"7":[0,0],"8":[0,0],"9":[0,0,0],"10":[0,0,0],"11":[0,0],"12":[0,0],"13":[0,0,0],"14":[0,0],"15":[0,0],"16":[0,0],"17":[0,0],"18":[0,0,0],"19":[0,0],"20":[0,0],"21":[0,0],"22":[0,0],"23":[0,0,0],"24":[0,0],"25":[0,0],"26":[0,0],"27":[0,0],"28":[0,0],"29":[0,0,0,0,0,0],"30":[0,0],"31":[0,0,0],"32":[0,0],"33":[0,0],"34":[0,0,0,0],"35":[0,0],"36":[0,0],"37":[0,0],"38":[0,0],"39":[0,0],"40":[0,0],"41":[0,0],"42":[0,0,0,0],"43":[0,0],"44":[0,0,0,0],"45":[0,0],"46":[0,0,0,0],"47":[0,0],"48":[0,0,0,0],"49":[0,0],"50":[0,0],"51":[0,0]},"inputSourceMap":{"version":3,"file":"users.controller.js","sourceRoot":"","sources":["../../../src/controllers/users.controller.ts"],"names":[],"mappings":";;;;;;;;;;;;;;;;;;;;;;;;;;;;;;;;;;;;;;;;;;;;;;;AACA,iCAAiC;AACjC,sDAAqD;AACrD,6EAAiE;AACjE,mEAA2D;AAE3D,2DAAyD;AACzD,oEAAoE;AAGpE;IACE,yBAAoB,YAA0B;QAA1B,iBAAY,GAAZ,YAAY,CAAc;IAAG,CAAC;IAG5C,6BAAG,GAAT,UAAU,GAAY,EAAE,GAAa;;;;;;;wBAElB,qBAAM,IAAI,CAAC,YAAY,CAAC,GAAG,EAAE,EAAA;;wBAAtC,MAAM,GAAG,SAA6B;wBAC5C,GAAG,CAAC,IAAI,CAAC,EAAE,IAAI,EAAE,MAAM,EAAE,CAAC,CAAC;;;;wBAE3B,GAAG;6BACA,MAAM,CAAC,OAAK,CAAC,UAAU,IAAI,uBAAU,CAAC,qBAAqB,CAAC;6BAC5D,IAAI,CAAC,EAAE,OAAO,EAAE,OAAK,CAAC,OAAO,EAAE,CAAC,CAAC;;;;;;KAEvC;IAGK,gCAAM,GAAZ,UAAa,GAAY,EAAE,GAAa;;;;;;;wBAErB,qBAAM,IAAI,CAAC,YAAY,CAAC,MAAM,CAAW,GAAG,CAAC,IAAI,CAAC,EAAA;;wBAA3D,MAAM,GAAG,SAAkD;wBACjE,GAAG,CAAC,IAAI,CAAC,EAAE,IAAI,EAAE,MAAM,EAAE,CAAC,CAAC;;;;wBAE3B,GAAG;6BACA,MAAM,CAAC,OAAK,CAAC,UAAU,IAAI,uBAAU,CAAC,qBAAqB,CAAC;6BAC5D,IAAI,CAAC,EAAE,OAAO,EAAE,OAAK,CAAC,OAAO,EAAE,CAAC,CAAC;;;;;;KAEvC;IAGK,+BAAK,GAAX,UAAY,GAAY,EAAE,GAAa;;;;;;;wBAEpB,qBAAM,IAAI,CAAC,YAAY,CAAC,KAAK,CAAC,GAAG,CAAC,IAAI,CAAC,EAAA;;wBAAhD,MAAM,GAAG,SAAuC;wBACtD,GAAG,CAAC,IAAI,CAAC,EAAE,IAAI,EAAE,MAAM,EAAE,CAAC,CAAC;;;;wBAE3B,GAAG;6BACA,MAAM,CAAC,OAAK,CAAC,UAAU,IAAI,uBAAU,CAAC,qBAAqB,CAAC;6BAC5D,IAAI,CAAC,EAAE,OAAO,EAAE,OAAK,CAAC,OAAO,EAAE,CAAC,CAAC;;;;;;KAEvC;IAGK,yCAAe,GAArB,UAAsB,GAAY,EAAE,GAAa;;;;;;;;wBAE9B,qBAAM,IAAI,CAAC,YAAY,CAAC,UAAU,CACvC,MAAA,GAAG,CAAC,IAAI,0CAAE,KAAK,CACxB,EAAA;;wBAFK,MAAM,GAAG,SAEd;wBACD,GAAG,CAAC,IAAI,CAAC,EAAE,IAAI,EAAE,MAAM,EAAE,CAAC,CAAC;;;;wBAE3B,GAAG;6BACA,MAAM,CAAC,OAAK,CAAC,UAAU,IAAI,uBAAU,CAAC,qBAAqB,CAAC;6BAC5D,IAAI,CAAC,EAAE,OAAO,EAAE,OAAK,CAAC,OAAO,EAAE,CAAC,CAAC;;;;;;KAEvC;IA/CD;QADC,IAAA,sBAAG,EAAC,GAAG,CAAC;;;;8CAUR;IAGD;QADC,IAAA,uBAAI,EAAC,GAAG,CAAC;;;;iDAUT;IAGD;QADC,IAAA,uBAAI,EAAC,QAAQ,CAAC;;;;gDAUd;IAGD;QADC,IAAA,sBAAG,EAAC,aAAa,CAAC;;;;0DAYlB;IAnDkB,eAAe;QAFnC,IAAA,kCAAU,EAAC,WAAW,CAAC;QACvB,IAAA,gBAAO,GAAE;yCAE0B,4BAAY;OAD3B,eAAe,CAoDnC;IAAD,sBAAC;CAAA,AApDD,IAoDC;kBApDoB,eAAe"},"all":true},"/Users/jeannedarcnyiramwiza/Documents/ArtistGrow/artistGrow-backend/build/src/db/connection.js":{"path":"/Users/jeannedarcnyiramwiza/Documents/ArtistGrow/artistGrow-backend/build/src/db/connection.js","statementMap":{"0":{"start":{"line":2,"column":0},"end":{"line":2,"column":62}},"1":{"start":{"line":3,"column":16},"end":{"line":3,"column":47}},"2":{"start":{"line":4,"column":16},"end":{"line":4,"column":34}},"3":{"start":{"line":5,"column":15},"end":{"line":5,"column":42}},"4":{"start":{"line":6,"column":18},"end":{"line":6,"column":63}},"5":{"start":{"line":7,"column":13},"end":{"line":7,"column":38}},"6":{"start":{"line":8,"column":16},"end":{"line":8,"column":54}},"7":{"start":{"line":9,"column":0},"end":{"line":12,"column":3}},"8":{"start":{"line":10,"column":4},"end":{"line":10,"column":59}},"9":{"start":{"line":11,"column":4},"end":{"line":11,"column":31}}},"fnMap":{"0":{"name":"(anonymous_0)","decl":{"start":{"line":9,"column":48},"end":{"line":9,"column":49}},"loc":{"start":{"line":9,"column":60},"end":{"line":12,"column":1}},"line":9}},"branchMap":{},"s":{"0":0,"1":0,"2":0,"3":0,"4":0,"5":0,"6":0,"7":0,"8":0,"9":0},"f":{"0":0},"b":{},"inputSourceMap":{"version":3,"file":"connection.js","sourceRoot":"","sources":["../../../src/db/connection.ts"],"names":[],"mappings":";;AAAA,gDAA8C;AAC9C,mCAA2C;AAE3C,2CAA0C;AAC1C,gEAA8D;AAE9D,IAAM,MAAM,GAAmB,eAAM,CAAC,SAAS,CAAC;AAEhD,IAAM,SAAS,GAAQ,MAAM,CAAC,MAAM,CAAC,EAAE,EAAE,gBAAM,CAAC,EAAE,CAAC,CAAC;AAEpD,IAAA,0BAAgB,EAAC,SAAS,CAAC,CAAC,IAAI,CAAC;IAC/B,MAAM,CAAC,IAAI,CAAC,cAAc,EAAE,EAAE,SAAS,EAAE,IAAI,CAAC,GAAG,EAAE,EAAE,CAAC,CAAC;IACvD,IAAI,oBAAQ,EAAE,CAAC;AACjB,CAAC,CAAC,CAAC"},"all":true},"/Users/jeannedarcnyiramwiza/Documents/ArtistGrow/artistGrow-backend/build/src/decorators/controller.decorators.js":{"path":"/Users/jeannedarcnyiramwiza/Documents/ArtistGrow/artistGrow-backend/build/src/decorators/controller.decorators.js","statementMap":{"0":{"start":{"line":2,"column":22},"end":{"line":4,"column":1}},"1":{"start":{"line":3,"column":4},"end":{"line":3,"column":62}},"2":{"start":{"line":5,"column":0},"end":{"line":5,"column":62}},"3":{"start":{"line":6,"column":0},"end":{"line":6,"column":45}},"4":{"start":{"line":7,"column":16},"end":{"line":7,"column":34}},"5":{"start":{"line":8,"column":15},"end":{"line":8,"column":49}},"6":{"start":{"line":9,"column":15},"end":{"line":9,"column":42}},"7":{"start":{"line":10,"column":13},"end":{"line":10,"column":38}},"8":{"start":{"line":11,"column":0},"end":{"line":11,"column":41}},"9":{"start":{"line":12,"column":17},"end":{"line":29,"column":1}},"10":{"start":{"line":13,"column":4},"end":{"line":28,"column":6}},"11":{"start":{"line":14,"column":8},"end":{"line":14,"column":57}},"12":{"start":{"line":15,"column":8},"end":{"line":17,"column":9}},"13":{"start":{"line":16,"column":12},"end":{"line":16,"column":57}},"14":{"start":{"line":18,"column":21},"end":{"line":18,"column":58}},"15":{"start":{"line":19,"column":23},"end":{"line":19,"column":51}},"16":{"start":{"line":20,"column":8},"end":{"line":27,"column":11}},"17":{"start":{"line":21,"column":12},"end":{"line":25,"column":15}},"18":{"start":{"line":26,"column":12},"end":{"line":26,"column":110}},"19":{"start":{"line":30,"column":0},"end":{"line":30,"column":32}}},"fnMap":{"0":{"name":"(anonymous_0)","decl":{"start":{"line":2,"column":56},"end":{"line":2,"column":57}},"loc":{"start":{"line":2,"column":71},"end":{"line":4,"column":1}},"line":2},"1":{"name":"(anonymous_1)","decl":{"start":{"line":12,"column":17},"end":{"line":12,"column":18}},"loc":{"start":{"line":12,"column":35},"end":{"line":29,"column":1}},"line":12},"2":{"name":"(anonymous_2)","decl":{"start":{"line":13,"column":11},"end":{"line":13,"column":12}},"loc":{"start":{"line":13,"column":29},"end":{"line":28,"column":5}},"line":13},"3":{"name":"(anonymous_3)","decl":{"start":{"line":20,"column":23},"end":{"line":20,"column":24}},"loc":{"start":{"line":20,"column":40},"end":{"line":27,"column":9}},"line":20}},"branchMap":{"0":{"loc":{"start":{"line":2,"column":22},"end":{"line":4,"column":1}},"type":"binary-expr","locations":[{"start":{"line":2,"column":23},"end":{"line":2,"column":27}},{"start":{"line":2,"column":31},"end":{"line":2,"column":51}},{"start":{"line":2,"column":56},"end":{"line":4,"column":1}}],"line":2},"1":{"loc":{"start":{"line":3,"column":11},"end":{"line":3,"column":61}},"type":"cond-expr","locations":[{"start":{"line":3,"column":37},"end":{"line":3,"column":40}},{"start":{"line":3,"column":43},"end":{"line":3,"column":61}}],"line":3},"2":{"loc":{"start":{"line":3,"column":12},"end":{"line":3,"column":33}},"type":"binary-expr","locations":[{"start":{"line":3,"column":12},"end":{"line":3,"column":15}},{"start":{"line":3,"column":19},"end":{"line":3,"column":33}}],"line":3},"3":{"loc":{"start":{"line":15,"column":8},"end":{"line":17,"column":9}},"type":"if","locations":[{"start":{"line":15,"column":8},"end":{"line":17,"column":9}},{"start":{"line":15,"column":8},"end":{"line":17,"column":9}}],"line":15}},"s":{"0":0,"1":0,"2":0,"3":0,"4":0,"5":0,"6":0,"7":0,"8":0,"9":0,"10":0,"11":0,"12":0,"13":0,"14":0,"15":0,"16":0,"17":0,"18":0,"19":0},"f":{"0":0,"1":0,"2":0,"3":0},"b":{"0":[0,0,0],"1":[0,0],"2":[0,0],"3":[0,0]},"inputSourceMap":{"version":3,"file":"controller.decorators.js","sourceRoot":"","sources":["../../../src/decorators/controller.decorators.ts"],"names":[],"mappings":";;;;;;AAAA,mCAAiC;AACjC,kDAA+B;AAE/B,2CAA0C;AAG1C,IAAM,MAAM,GAAmB,eAAM,CAAC,SAAS,CAAC;AACnC,QAAA,MAAM,GAAG,IAAA,gBAAM,GAAE,CAAC;AAExB,IAAM,UAAU,GAAG,UAAC,MAAc;IACvC,OAAO,UAAC,MAAW;QACjB,OAAO,CAAC,cAAc,CAAC,QAAQ,EAAE,MAAM,EAAE,MAAM,CAAC,CAAC;QACjD,IAAI,CAAC,OAAO,CAAC,WAAW,CAAC,QAAQ,EAAE,MAAM,CAAC,EAAE;YAC1C,OAAO,CAAC,cAAc,CAAC,QAAQ,EAAE,EAAE,EAAE,MAAM,CAAC,CAAC;SAC9C;QACD,IAAM,MAAM,GAA2B,OAAO,CAAC,WAAW,CACxD,QAAQ,EACR,MAAM,CACP,CAAC;QACF,IAAM,QAAQ,GAAQ,gBAAS,CAAC,GAAG,CAAC,MAAM,CAAC,CAAC;QAC5C,MAAM,CAAC,OAAO,CAAC,UAAC,KAAsB;YACpC,MAAM,CAAC,KAAK,CAAC,mBAAmB,EAAE;gBAChC,IAAI,EAAE,KAAG,MAAM,GAAG,KAAK,CAAC,IAAM;gBAC9B,MAAM,EAAE,KAAK,CAAC,UAAU;gBACxB,UAAU,EAAE,MAAM,CAAC,IAAI;aACxB,CAAC,CAAC;YACH,cAAM,CAAC,KAAK,CAAC,MAAM,CAAC,CAClB,KAAG,MAAM,GAAG,KAAK,CAAC,IAAM,EACxB,QAAQ,CAAC,KAAK,CAAC,UAAU,CAAC,CAAC,IAAI,CAAC,QAAQ,CAAC,CAC1C,CAAC;QACJ,CAAC,CAAC,CAAC;IACL,CAAC,CAAC;AACJ,CAAC,CAAC;AAvBW,QAAA,UAAU,cAuBrB"},"all":true},"/Users/jeannedarcnyiramwiza/Documents/ArtistGrow/artistGrow-backend/build/src/decorators/router.decorator.js":{"path":"/Users/jeannedarcnyiramwiza/Documents/ArtistGrow/artistGrow-backend/build/src/decorators/router.decorator.js","statementMap":{"0":{"start":{"line":2,"column":0},"end":{"line":2,"column":62}},"1":{"start":{"line":3,"column":0},"end":{"line":3,"column":67}},"2":{"start":{"line":5,"column":4},"end":{"line":16,"column":6}},"3":{"start":{"line":6,"column":8},"end":{"line":8,"column":9}},"4":{"start":{"line":7,"column":12},"end":{"line":7,"column":69}},"5":{"start":{"line":9,"column":21},"end":{"line":9,"column":70}},"6":{"start":{"line":10,"column":8},"end":{"line":14,"column":11}},"7":{"start":{"line":15,"column":8},"end":{"line":15,"column":69}},"8":{"start":{"line":18,"column":0},"end":{"line":18,"column":18}},"9":{"start":{"line":20,"column":4},"end":{"line":31,"column":6}},"10":{"start":{"line":21,"column":8},"end":{"line":23,"column":9}},"11":{"start":{"line":22,"column":12},"end":{"line":22,"column":69}},"12":{"start":{"line":24,"column":21},"end":{"line":24,"column":70}},"13":{"start":{"line":25,"column":8},"end":{"line":29,"column":11}},"14":{"start":{"line":30,"column":8},"end":{"line":30,"column":69}},"15":{"start":{"line":33,"column":0},"end":{"line":33,"column":20}},"16":{"start":{"line":35,"column":4},"end":{"line":46,"column":6}},"17":{"start":{"line":36,"column":8},"end":{"line":38,"column":9}},"18":{"start":{"line":37,"column":12},"end":{"line":37,"column":69}},"19":{"start":{"line":39,"column":21},"end":{"line":39,"column":70}},"20":{"start":{"line":40,"column":8},"end":{"line":44,"column":11}},"21":{"start":{"line":45,"column":8},"end":{"line":45,"column":69}},"22":{"start":{"line":48,"column":0},"end":{"line":48,"column":24}},"23":{"start":{"line":50,"column":4},"end":{"line":61,"column":6}},"24":{"start":{"line":51,"column":8},"end":{"line":53,"column":9}},"25":{"start":{"line":52,"column":12},"end":{"line":52,"column":69}},"26":{"start":{"line":54,"column":21},"end":{"line":54,"column":70}},"27":{"start":{"line":55,"column":8},"end":{"line":59,"column":11}},"28":{"start":{"line":60,"column":8},"end":{"line":60,"column":69}},"29":{"start":{"line":63,"column":0},"end":{"line":63,"column":18}}},"fnMap":{"0":{"name":"Get","decl":{"start":{"line":4,"column":9},"end":{"line":4,"column":12}},"loc":{"start":{"line":4,"column":19},"end":{"line":17,"column":1}},"line":4},"1":{"name":"(anonymous_1)","decl":{"start":{"line":5,"column":11},"end":{"line":5,"column":12}},"loc":{"start":{"line":5,"column":42},"end":{"line":16,"column":5}},"line":5},"2":{"name":"Post","decl":{"start":{"line":19,"column":9},"end":{"line":19,"column":13}},"loc":{"start":{"line":19,"column":20},"end":{"line":32,"column":1}},"line":19},"3":{"name":"(anonymous_3)","decl":{"start":{"line":20,"column":11},"end":{"line":20,"column":12}},"loc":{"start":{"line":20,"column":42},"end":{"line":31,"column":5}},"line":20},"4":{"name":"Delete","decl":{"start":{"line":34,"column":9},"end":{"line":34,"column":15}},"loc":{"start":{"line":34,"column":22},"end":{"line":47,"column":1}},"line":34},"5":{"name":"(anonymous_5)","decl":{"start":{"line":35,"column":11},"end":{"line":35,"column":12}},"loc":{"start":{"line":35,"column":42},"end":{"line":46,"column":5}},"line":35},"6":{"name":"Put","decl":{"start":{"line":49,"column":9},"end":{"line":49,"column":12}},"loc":{"start":{"line":49,"column":19},"end":{"line":62,"column":1}},"line":49},"7":{"name":"(anonymous_7)","decl":{"start":{"line":50,"column":11},"end":{"line":50,"column":12}},"loc":{"start":{"line":50,"column":42},"end":{"line":61,"column":5}},"line":50}},"branchMap":{"0":{"loc":{"start":{"line":6,"column":8},"end":{"line":8,"column":9}},"type":"if","locations":[{"start":{"line":6,"column":8},"end":{"line":8,"column":9}},{"start":{"line":6,"column":8},"end":{"line":8,"column":9}}],"line":6},"1":{"loc":{"start":{"line":21,"column":8},"end":{"line":23,"column":9}},"type":"if","locations":[{"start":{"line":21,"column":8},"end":{"line":23,"column":9}},{"start":{"line":21,"column":8},"end":{"line":23,"column":9}}],"line":21},"2":{"loc":{"start":{"line":36,"column":8},"end":{"line":38,"column":9}},"type":"if","locations":[{"start":{"line":36,"column":8},"end":{"line":38,"column":9}},{"start":{"line":36,"column":8},"end":{"line":38,"column":9}}],"line":36},"3":{"loc":{"start":{"line":51,"column":8},"end":{"line":53,"column":9}},"type":"if","locations":[{"start":{"line":51,"column":8},"end":{"line":53,"column":9}},{"start":{"line":51,"column":8},"end":{"line":53,"column":9}}],"line":51}},"s":{"0":0,"1":0,"2":0,"3":0,"4":0,"5":0,"6":0,"7":0,"8":0,"9":0,"10":0,"11":0,"12":0,"13":0,"14":0,"15":0,"16":0,"17":0,"18":0,"19":0,"20":0,"21":0,"22":0,"23":0,"24":0,"25":0,"26":0,"27":0,"28":0,"29":0},"f":{"0":0,"1":0,"2":0,"3":0,"4":0,"5":0,"6":0,"7":0},"b":{"0":[0,0],"1":[0,0],"2":[0,0],"3":[0,0]},"inputSourceMap":{"version":3,"file":"router.decorator.js","sourceRoot":"","sources":["../../../src/decorators/router.decorator.ts"],"names":[],"mappings":";;;AAEA,SAAgB,GAAG,CAAC,IAAY;IAC9B,OAAO,UAAC,MAAW,EAAE,WAAmB;QACtC,IAAI,CAAC,OAAO,CAAC,WAAW,CAAC,QAAQ,EAAE,MAAM,CAAC,WAAW,CAAC,EAAE;YACtD,OAAO,CAAC,cAAc,CAAC,QAAQ,EAAE,EAAE,EAAE,MAAM,CAAC,WAAW,CAAC,CAAC;SAC1D;QACD,IAAM,MAAM,GAAG,OAAO,CAAC,WAAW,CAChC,QAAQ,EACR,MAAM,CAAC,WAAW,CACO,CAAC;QAC5B,MAAM,CAAC,IAAI,CAAC;YACV,MAAM,EAAE,KAAK;YACb,IAAI,MAAA;YACJ,UAAU,EAAE,WAAW;SACxB,CAAC,CAAC;QACH,OAAO,CAAC,cAAc,CAAC,QAAQ,EAAE,MAAM,EAAE,MAAM,CAAC,WAAW,CAAC,CAAC;IAC/D,CAAC,CAAC;AACJ,CAAC;AAhBD,kBAgBC;AAED,SAAgB,IAAI,CAAC,IAAY;IAC/B,OAAO,UAAC,MAAW,EAAE,WAAmB;QACtC,IAAI,CAAC,OAAO,CAAC,WAAW,CAAC,QAAQ,EAAE,MAAM,CAAC,WAAW,CAAC,EAAE;YACtD,OAAO,CAAC,cAAc,CAAC,QAAQ,EAAE,EAAE,EAAE,MAAM,CAAC,WAAW,CAAC,CAAC;SAC1D;QACD,IAAM,MAAM,GAAG,OAAO,CAAC,WAAW,CAChC,QAAQ,EACR,MAAM,CAAC,WAAW,CACO,CAAC;QAC5B,MAAM,CAAC,IAAI,CAAC;YACV,MAAM,EAAE,MAAM;YACd,IAAI,MAAA;YACJ,UAAU,EAAE,WAAW;SACxB,CAAC,CAAC;QACH,OAAO,CAAC,cAAc,CAAC,QAAQ,EAAE,MAAM,EAAE,MAAM,CAAC,WAAW,CAAC,CAAC;IAC/D,CAAC,CAAC;AACJ,CAAC;AAhBD,oBAgBC;AAED,SAAgB,MAAM,CAAC,IAAY;IACjC,OAAO,UAAC,MAAW,EAAE,WAAmB;QACtC,IAAI,CAAC,OAAO,CAAC,WAAW,CAAC,QAAQ,EAAE,MAAM,CAAC,WAAW,CAAC,EAAE;YACtD,OAAO,CAAC,cAAc,CAAC,QAAQ,EAAE,EAAE,EAAE,MAAM,CAAC,WAAW,CAAC,CAAC;SAC1D;QACD,IAAM,MAAM,GAAG,OAAO,CAAC,WAAW,CAChC,QAAQ,EACR,MAAM,CAAC,WAAW,CACO,CAAC;QAC5B,MAAM,CAAC,IAAI,CAAC;YACV,MAAM,EAAE,QAAQ;YAChB,IAAI,MAAA;YACJ,UAAU,EAAE,WAAW;SACxB,CAAC,CAAC;QACH,OAAO,CAAC,cAAc,CAAC,QAAQ,EAAE,MAAM,EAAE,MAAM,CAAC,WAAW,CAAC,CAAC;IAC/D,CAAC,CAAC;AACJ,CAAC;AAhBD,wBAgBC;AAED,SAAgB,GAAG,CAAC,IAAY;IAC9B,OAAO,UAAC,MAAW,EAAE,WAAmB;QACtC,IAAI,CAAC,OAAO,CAAC,WAAW,CAAC,QAAQ,EAAE,MAAM,CAAC,WAAW,CAAC,EAAE;YACtD,OAAO,CAAC,cAAc,CAAC,QAAQ,EAAE,EAAE,EAAE,MAAM,CAAC,WAAW,CAAC,CAAC;SAC1D;QACD,IAAM,MAAM,GAAG,OAAO,CAAC,WAAW,CAChC,QAAQ,EACR,MAAM,CAAC,WAAW,CACO,CAAC;QAC5B,MAAM,CAAC,IAAI,CAAC;YACV,MAAM,EAAE,KAAK;YACb,IAAI,MAAA;YACJ,UAAU,EAAE,WAAW;SACxB,CAAC,CAAC;QACH,OAAO,CAAC,cAAc,CAAC,QAAQ,EAAE,MAAM,EAAE,MAAM,CAAC,WAAW,CAAC,CAAC;IAC/D,CAAC,CAAC;AACJ,CAAC;AAhBD,kBAgBC"},"all":true},"/Users/jeannedarcnyiramwiza/Documents/ArtistGrow/artistGrow-backend/build/src/dto/email-template.dto.js":{"path":"/Users/jeannedarcnyiramwiza/Documents/ArtistGrow/artistGrow-backend/build/src/dto/email-template.dto.js","statementMap":{"0":{"start":{"line":2,"column":0},"end":{"line":2,"column":62}},"1":{"start":{"line":3,"column":0},"end":{"line":3,"column":35}},"2":{"start":{"line":4,"column":39},"end":{"line":8,"column":3}},"3":{"start":{"line":7,"column":4},"end":{"line":7,"column":29}},"4":{"start":{"line":9,"column":0},"end":{"line":9,"column":46}}},"fnMap":{"0":{"name":"(anonymous_0)","decl":{"start":{"line":4,"column":39},"end":{"line":4,"column":40}},"loc":{"start":{"line":4,"column":51},"end":{"line":8,"column":1}},"line":4},"1":{"name":"EmailTemplatesDTO","decl":{"start":{"line":5,"column":13},"end":{"line":5,"column":30}},"loc":{"start":{"line":5,"column":33},"end":{"line":6,"column":5}},"line":5}},"branchMap":{},"s":{"0":0,"1":0,"2":0,"3":0,"4":0},"f":{"0":0,"1":0},"b":{},"inputSourceMap":{"version":3,"file":"email-template.dto.js","sourceRoot":"","sources":["../../../src/dto/email-template.dto.ts"],"names":[],"mappings":";;;AAAA;IAAA;IAIA,CAAC;IAAD,wBAAC;AAAD,CAAC,AAJD,IAIC;AAJY,8CAAiB"},"all":true},"/Users/jeannedarcnyiramwiza/Documents/ArtistGrow/artistGrow-backend/build/src/dto/users.dto.js":{"path":"/Users/jeannedarcnyiramwiza/Documents/ArtistGrow/artistGrow-backend/build/src/dto/users.dto.js","statementMap":{"0":{"start":{"line":2,"column":0},"end":{"line":2,"column":62}},"1":{"start":{"line":3,"column":0},"end":{"line":3,"column":26}},"2":{"start":{"line":4,"column":30},"end":{"line":8,"column":3}},"3":{"start":{"line":7,"column":4},"end":{"line":7,"column":20}},"4":{"start":{"line":9,"column":0},"end":{"line":9,"column":28}}},"fnMap":{"0":{"name":"(anonymous_0)","decl":{"start":{"line":4,"column":30},"end":{"line":4,"column":31}},"loc":{"start":{"line":4,"column":42},"end":{"line":8,"column":1}},"line":4},"1":{"name":"UsersDTO","decl":{"start":{"line":5,"column":13},"end":{"line":5,"column":21}},"loc":{"start":{"line":5,"column":24},"end":{"line":6,"column":5}},"line":5}},"branchMap":{},"s":{"0":0,"1":0,"2":0,"3":0,"4":0},"f":{"0":0,"1":0},"b":{},"inputSourceMap":{"version":3,"file":"users.dto.js","sourceRoot":"","sources":["../../../src/dto/users.dto.ts"],"names":[],"mappings":";;;AAAA;IAAA;IAIA,CAAC;IAAD,eAAC;AAAD,CAAC,AAJD,IAIC;AAJY,4BAAQ"},"all":true},"/Users/jeannedarcnyiramwiza/Documents/ArtistGrow/artistGrow-backend/build/src/entity/email-template.entity.js":{"path":"/Users/jeannedarcnyiramwiza/Documents/ArtistGrow/artistGrow-backend/build/src/entity/email-template.entity.js","statementMap":{"0":{"start":{"line":2,"column":17},"end":{"line":7,"column":1}},"1":{"start":{"line":3,"column":12},"end":{"line":3,"column":28}},"2":{"start":{"line":3,"column":34},"end":{"line":3,"column":125}},"3":{"start":{"line":4,"column":4},"end":{"line":5,"column":150}},"4":{"start":{"line":4,"column":79},"end":{"line":4,"column":131}},"5":{"start":{"line":5,"column":9},"end":{"line":5,"column":150}},"6":{"start":{"line":5,"column":22},"end":{"line":5,"column":43}},"7":{"start":{"line":5,"column":58},"end":{"line":5,"column":150}},"8":{"start":{"line":5,"column":81},"end":{"line":5,"column":150}},"9":{"start":{"line":6,"column":4},"end":{"line":6,"column":66}},"10":{"start":{"line":8,"column":17},"end":{"line":10,"column":1}},"11":{"start":{"line":9,"column":4},"end":{"line":9,"column":109}},"12":{"start":{"line":9,"column":79},"end":{"line":9,"column":109}},"13":{"start":{"line":11,"column":0},"end":{"line":11,"column":62}},"14":{"start":{"line":12,"column":0},"end":{"line":12,"column":38}},"15":{"start":{"line":13,"column":16},"end":{"line":13,"column":34}},"16":{"start":{"line":14,"column":42},"end":{"line":47,"column":3}},"17":{"start":{"line":17,"column":4},"end":{"line":23,"column":53}},"18":{"start":{"line":24,"column":4},"end":{"line":29,"column":55}},"19":{"start":{"line":30,"column":4},"end":{"line":36,"column":58}},"20":{"start":{"line":37,"column":4},"end":{"line":42,"column":58}},"21":{"start":{"line":43,"column":4},"end":{"line":45,"column":29}},"22":{"start":{"line":46,"column":4},"end":{"line":46,"column":32}},"23":{"start":{"line":48,"column":0},"end":{"line":48,"column":52}}},"fnMap":{"0":{"name":"(anonymous_0)","decl":{"start":{"line":2,"column":46},"end":{"line":2,"column":47}},"loc":{"start":{"line":2,"column":87},"end":{"line":7,"column":1}},"line":2},"1":{"name":"(anonymous_1)","decl":{"start":{"line":8,"column":46},"end":{"line":8,"column":47}},"loc":{"start":{"line":8,"column":62},"end":{"line":10,"column":1}},"line":8},"2":{"name":"(anonymous_2)","decl":{"start":{"line":14,"column":42},"end":{"line":14,"column":43}},"loc":{"start":{"line":14,"column":54},"end":{"line":47,"column":1}},"line":14},"3":{"name":"EmailTemplatesEntity","decl":{"start":{"line":15,"column":13},"end":{"line":15,"column":33}},"loc":{"start":{"line":15,"column":36},"end":{"line":16,"column":5}},"line":15}},"branchMap":{"0":{"loc":{"start":{"line":2,"column":17},"end":{"line":7,"column":1}},"type":"binary-expr","locations":[{"start":{"line":2,"column":18},"end":{"line":2,"column":22}},{"start":{"line":2,"column":26},"end":{"line":2,"column":41}},{"start":{"line":2,"column":46},"end":{"line":7,"column":1}}],"line":2},"1":{"loc":{"start":{"line":3,"column":34},"end":{"line":3,"column":125}},"type":"cond-expr","locations":[{"start":{"line":3,"column":42},"end":{"line":3,"column":48}},{"start":{"line":3,"column":51},"end":{"line":3,"column":125}}],"line":3},"2":{"loc":{"start":{"line":3,"column":51},"end":{"line":3,"column":125}},"type":"cond-expr","locations":[{"start":{"line":3,"column":67},"end":{"line":3,"column":118}},{"start":{"line":3,"column":121},"end":{"line":3,"column":125}}],"line":3},"3":{"loc":{"start":{"line":4,"column":4},"end":{"line":5,"column":150}},"type":"if","locations":[{"start":{"line":4,"column":4},"end":{"line":5,"column":150}},{"start":{"line":4,"column":4},"end":{"line":5,"column":150}}],"line":4},"4":{"loc":{"start":{"line":4,"column":8},"end":{"line":4,"column":77}},"type":"binary-expr","locations":[{"start":{"line":4,"column":8},"end":{"line":4,"column":35}},{"start":{"line":4,"column":39},"end":{"line":4,"column":77}}],"line":4},"5":{"loc":{"start":{"line":5,"column":58},"end":{"line":5,"column":150}},"type":"if","locations":[{"start":{"line":5,"column":58},"end":{"line":5,"column":150}},{"start":{"line":5,"column":58},"end":{"line":5,"column":150}}],"line":5},"6":{"loc":{"start":{"line":5,"column":85},"end":{"line":5,"column":149}},"type":"binary-expr","locations":[{"start":{"line":5,"column":86},"end":{"line":5,"column":143}},{"start":{"line":5,"column":148},"end":{"line":5,"column":149}}],"line":5},"7":{"loc":{"start":{"line":5,"column":86},"end":{"line":5,"column":143}},"type":"cond-expr","locations":[{"start":{"line":5,"column":94},"end":{"line":5,"column":98}},{"start":{"line":5,"column":101},"end":{"line":5,"column":143}}],"line":5},"8":{"loc":{"start":{"line":5,"column":101},"end":{"line":5,"column":143}},"type":"cond-expr","locations":[{"start":{"line":5,"column":109},"end":{"line":5,"column":126}},{"start":{"line":5,"column":129},"end":{"line":5,"column":143}}],"line":5},"9":{"loc":{"start":{"line":6,"column":11},"end":{"line":6,"column":62}},"type":"binary-expr","locations":[{"start":{"line":6,"column":11},"end":{"line":6,"column":16}},{"start":{"line":6,"column":20},"end":{"line":6,"column":21}},{"start":{"line":6,"column":25},"end":{"line":6,"column":62}}],"line":6},"10":{"loc":{"start":{"line":8,"column":17},"end":{"line":10,"column":1}},"type":"binary-expr","locations":[{"start":{"line":8,"column":18},"end":{"line":8,"column":22}},{"start":{"line":8,"column":26},"end":{"line":8,"column":41}},{"start":{"line":8,"column":46},"end":{"line":10,"column":1}}],"line":8},"11":{"loc":{"start":{"line":9,"column":4},"end":{"line":9,"column":109}},"type":"if","locations":[{"start":{"line":9,"column":4},"end":{"line":9,"column":109}},{"start":{"line":9,"column":4},"end":{"line":9,"column":109}}],"line":9},"12":{"loc":{"start":{"line":9,"column":8},"end":{"line":9,"column":77}},"type":"binary-expr","locations":[{"start":{"line":9,"column":8},"end":{"line":9,"column":35}},{"start":{"line":9,"column":39},"end":{"line":9,"column":77}}],"line":9}},"s":{"0":0,"1":0,"2":0,"3":0,"4":0,"5":0,"6":0,"7":0,"8":0,"9":0,"10":0,"11":0,"12":0,"13":0,"14":0,"15":0,"16":0,"17":0,"18":0,"19":0,"20":0,"21":0,"22":0,"23":0},"f":{"0":0,"1":0,"2":0,"3":0},"b":{"0":[0,0,0],"1":[0,0],"2":[0,0],"3":[0,0],"4":[0,0],"5":[0,0],"6":[0,0],"7":[0,0],"8":[0,0],"9":[0,0,0],"10":[0,0,0],"11":[0,0],"12":[0,0]},"inputSourceMap":{"version":3,"file":"email-template.entity.js","sourceRoot":"","sources":["../../../src/entity/email-template.entity.ts"],"names":[],"mappings":";;;;;;;;;;;;AAAA,mCAAgF;AAGhF;IAAA;IAsBA,CAAC;IAjBC;QAJC,IAAA,uBAAa,EAAC,KAAK,EAAE;YACpB,OAAO,EAAE,IAAI;SACd,CAAC;QACD,IAAA,gCAAsB,EAAC,WAAW,CAAC;;oDACzB;IAKX;QAHC,IAAA,gBAAM,EAAC;YACN,MAAM,EAAE,GAAG;SACZ,CAAC;;sDACW;IAMb;QAJC,IAAA,gBAAM,EAAC;YACN,MAAM,EAAE,GAAG;YACX,IAAI,EAAE,SAAS;SAChB,CAAC;;yDACc;IAKhB;QAHC,IAAA,gBAAM,EAAC;YACN,IAAI,EAAE,MAAM;SACb,CAAC;;yDACc;IArBL,oBAAoB;QADhC,IAAA,gBAAM,EAAC,EAAE,IAAI,EAAE,gBAAgB,EAAE,CAAC;OACtB,oBAAoB,CAsBhC;IAAD,2BAAC;CAAA,AAtBD,IAsBC;AAtBY,oDAAoB"},"all":true},"/Users/jeannedarcnyiramwiza/Documents/ArtistGrow/artistGrow-backend/build/src/entity/users.entity.js":{"path":"/Users/jeannedarcnyiramwiza/Documents/ArtistGrow/artistGrow-backend/build/src/entity/users.entity.js","statementMap":{"0":{"start":{"line":2,"column":17},"end":{"line":7,"column":1}},"1":{"start":{"line":3,"column":12},"end":{"line":3,"column":28}},"2":{"start":{"line":3,"column":34},"end":{"line":3,"column":125}},"3":{"start":{"line":4,"column":4},"end":{"line":5,"column":150}},"4":{"start":{"line":4,"column":79},"end":{"line":4,"column":131}},"5":{"start":{"line":5,"column":9},"end":{"line":5,"column":150}},"6":{"start":{"line":5,"column":22},"end":{"line":5,"column":43}},"7":{"start":{"line":5,"column":58},"end":{"line":5,"column":150}},"8":{"start":{"line":5,"column":81},"end":{"line":5,"column":150}},"9":{"start":{"line":6,"column":4},"end":{"line":6,"column":66}},"10":{"start":{"line":8,"column":17},"end":{"line":10,"column":1}},"11":{"start":{"line":9,"column":4},"end":{"line":9,"column":109}},"12":{"start":{"line":9,"column":79},"end":{"line":9,"column":109}},"13":{"start":{"line":11,"column":0},"end":{"line":11,"column":62}},"14":{"start":{"line":12,"column":0},"end":{"line":12,"column":29}},"15":{"start":{"line":13,"column":16},"end":{"line":13,"column":34}},"16":{"start":{"line":14,"column":33},"end":{"line":62,"column":3}},"17":{"start":{"line":17,"column":4},"end":{"line":23,"column":44}},"18":{"start":{"line":24,"column":4},"end":{"line":29,"column":46}},"19":{"start":{"line":30,"column":4},"end":{"line":36,"column":47}},"20":{"start":{"line":37,"column":4},"end":{"line":43,"column":50}},"21":{"start":{"line":44,"column":4},"end":{"line":49,"column":66}},"22":{"start":{"line":50,"column":4},"end":{"line":57,"column":60}},"23":{"start":{"line":58,"column":4},"end":{"line":60,"column":20}},"24":{"start":{"line":61,"column":4},"end":{"line":61,"column":23}},"25":{"start":{"line":63,"column":0},"end":{"line":63,"column":34}}},"fnMap":{"0":{"name":"(anonymous_0)","decl":{"start":{"line":2,"column":46},"end":{"line":2,"column":47}},"loc":{"start":{"line":2,"column":87},"end":{"line":7,"column":1}},"line":2},"1":{"name":"(anonymous_1)","decl":{"start":{"line":8,"column":46},"end":{"line":8,"column":47}},"loc":{"start":{"line":8,"column":62},"end":{"line":10,"column":1}},"line":8},"2":{"name":"(anonymous_2)","decl":{"start":{"line":14,"column":33},"end":{"line":14,"column":34}},"loc":{"start":{"line":14,"column":45},"end":{"line":62,"column":1}},"line":14},"3":{"name":"UsersEntity","decl":{"start":{"line":15,"column":13},"end":{"line":15,"column":24}},"loc":{"start":{"line":15,"column":27},"end":{"line":16,"column":5}},"line":15}},"branchMap":{"0":{"loc":{"start":{"line":2,"column":17},"end":{"line":7,"column":1}},"type":"binary-expr","locations":[{"start":{"line":2,"column":18},"end":{"line":2,"column":22}},{"start":{"line":2,"column":26},"end":{"line":2,"column":41}},{"start":{"line":2,"column":46},"end":{"line":7,"column":1}}],"line":2},"1":{"loc":{"start":{"line":3,"column":34},"end":{"line":3,"column":125}},"type":"cond-expr","locations":[{"start":{"line":3,"column":42},"end":{"line":3,"column":48}},{"start":{"line":3,"column":51},"end":{"line":3,"column":125}}],"line":3},"2":{"loc":{"start":{"line":3,"column":51},"end":{"line":3,"column":125}},"type":"cond-expr","locations":[{"start":{"line":3,"column":67},"end":{"line":3,"column":118}},{"start":{"line":3,"column":121},"end":{"line":3,"column":125}}],"line":3},"3":{"loc":{"start":{"line":4,"column":4},"end":{"line":5,"column":150}},"type":"if","locations":[{"start":{"line":4,"column":4},"end":{"line":5,"column":150}},{"start":{"line":4,"column":4},"end":{"line":5,"column":150}}],"line":4},"4":{"loc":{"start":{"line":4,"column":8},"end":{"line":4,"column":77}},"type":"binary-expr","locations":[{"start":{"line":4,"column":8},"end":{"line":4,"column":35}},{"start":{"line":4,"column":39},"end":{"line":4,"column":77}}],"line":4},"5":{"loc":{"start":{"line":5,"column":58},"end":{"line":5,"column":150}},"type":"if","locations":[{"start":{"line":5,"column":58},"end":{"line":5,"column":150}},{"start":{"line":5,"column":58},"end":{"line":5,"column":150}}],"line":5},"6":{"loc":{"start":{"line":5,"column":85},"end":{"line":5,"column":149}},"type":"binary-expr","locations":[{"start":{"line":5,"column":86},"end":{"line":5,"column":143}},{"start":{"line":5,"column":148},"end":{"line":5,"column":149}}],"line":5},"7":{"loc":{"start":{"line":5,"column":86},"end":{"line":5,"column":143}},"type":"cond-expr","locations":[{"start":{"line":5,"column":94},"end":{"line":5,"column":98}},{"start":{"line":5,"column":101},"end":{"line":5,"column":143}}],"line":5},"8":{"loc":{"start":{"line":5,"column":101},"end":{"line":5,"column":143}},"type":"cond-expr","locations":[{"start":{"line":5,"column":109},"end":{"line":5,"column":126}},{"start":{"line":5,"column":129},"end":{"line":5,"column":143}}],"line":5},"9":{"loc":{"start":{"line":6,"column":11},"end":{"line":6,"column":62}},"type":"binary-expr","locations":[{"start":{"line":6,"column":11},"end":{"line":6,"column":16}},{"start":{"line":6,"column":20},"end":{"line":6,"column":21}},{"start":{"line":6,"column":25},"end":{"line":6,"column":62}}],"line":6},"10":{"loc":{"start":{"line":8,"column":17},"end":{"line":10,"column":1}},"type":"binary-expr","locations":[{"start":{"line":8,"column":18},"end":{"line":8,"column":22}},{"start":{"line":8,"column":26},"end":{"line":8,"column":41}},{"start":{"line":8,"column":46},"end":{"line":10,"column":1}}],"line":8},"11":{"loc":{"start":{"line":9,"column":4},"end":{"line":9,"column":109}},"type":"if","locations":[{"start":{"line":9,"column":4},"end":{"line":9,"column":109}},{"start":{"line":9,"column":4},"end":{"line":9,"column":109}}],"line":9},"12":{"loc":{"start":{"line":9,"column":8},"end":{"line":9,"column":77}},"type":"binary-expr","locations":[{"start":{"line":9,"column":8},"end":{"line":9,"column":35}},{"start":{"line":9,"column":39},"end":{"line":9,"column":77}}],"line":9}},"s":{"0":0,"1":0,"2":0,"3":0,"4":0,"5":0,"6":0,"7":0,"8":0,"9":0,"10":0,"11":0,"12":0,"13":0,"14":0,"15":0,"16":0,"17":0,"18":0,"19":0,"20":0,"21":0,"22":0,"23":0,"24":0,"25":0},"f":{"0":0,"1":0,"2":0,"3":0},"b":{"0":[0,0,0],"1":[0,0],"2":[0,0],"3":[0,0],"4":[0,0],"5":[0,0],"6":[0,0],"7":[0,0],"8":[0,0],"9":[0,0,0],"10":[0,0,0],"11":[0,0],"12":[0,0]},"inputSourceMap":{"version":3,"file":"users.entity.js","sourceRoot":"","sources":["../../../src/entity/users.entity.ts"],"names":[],"mappings":";;;;;;;;;;;;AAAA,mCAAgF;AAGhF;IAAA;IAmCA,CAAC;IA9BC;QAJC,IAAA,uBAAa,EAAC,KAAK,EAAE;YACpB,OAAO,EAAE,IAAI;SACd,CAAC;QACD,IAAA,gCAAsB,EAAC,WAAW,CAAC;;2CACzB;IAKX;QAHC,IAAA,gBAAM,EAAC;YACN,MAAM,EAAE,GAAG;SACZ,CAAC;;6CACW;IAMb;QAJC,IAAA,gBAAM,EAAC;YACN,MAAM,EAAE,GAAG;YACX,IAAI,EAAE,SAAS;SAChB,CAAC;;8CACY;IAMd;QAJC,IAAA,gBAAM,EAAC;YACN,MAAM,EAAE,IAAI;YACZ,IAAI,EAAE,SAAS;SAChB,CAAC;;iDACe;IAKjB;QAHC,IAAA,gBAAM,EAAC,KAAK,EAAE;YACb,OAAO,EAAE,CAAC;SACX,CAAC;;iEAC+B;IAOjC;QALC,IAAA,gBAAM,EAAC;YACN,IAAI,EAAE,SAAS;YACf,MAAM,EAAE,KAAK;YACb,OAAO,EAAE,IAAI;SACd,CAAC;;2DACyB;IAlChB,WAAW;QADvB,IAAA,gBAAM,EAAC,EAAE,IAAI,EAAE,OAAO,EAAE,CAAC;OACb,WAAW,CAmCvB;IAAD,kBAAC;CAAA,AAnCD,IAmCC;AAnCY,kCAAW"},"all":true},"/Users/jeannedarcnyiramwiza/Documents/ArtistGrow/artistGrow-backend/build/src/error/custom.error.js":{"path":"/Users/jeannedarcnyiramwiza/Documents/ArtistGrow/artistGrow-backend/build/src/error/custom.error.js","statementMap":{"0":{"start":{"line":2,"column":16},"end":{"line":16,"column":4}},"1":{"start":{"line":3,"column":24},"end":{"line":8,"column":5}},"2":{"start":{"line":4,"column":8},"end":{"line":6,"column":110}},"3":{"start":{"line":5,"column":69},"end":{"line":5,"column":85}},"4":{"start":{"line":6,"column":30},"end":{"line":6,"column":107}},"5":{"start":{"line":6,"column":47},"end":{"line":6,"column":107}},"6":{"start":{"line":6,"column":95},"end":{"line":6,"column":107}},"7":{"start":{"line":7,"column":8},"end":{"line":7,"column":35}},"8":{"start":{"line":9,"column":4},"end":{"line":15,"column":6}},"9":{"start":{"line":10,"column":8},"end":{"line":11,"column":102}},"10":{"start":{"line":11,"column":12},"end":{"line":11,"column":102}},"11":{"start":{"line":12,"column":8},"end":{"line":12,"column":28}},"12":{"start":{"line":13,"column":24},"end":{"line":13,"column":45}},"13":{"start":{"line":14,"column":8},"end":{"line":14,"column":93}},"14":{"start":{"line":17,"column":0},"end":{"line":17,"column":62}},"15":{"start":{"line":18,"column":0},"end":{"line":18,"column":29}},"16":{"start":{"line":19,"column":33},"end":{"line":27,"column":8}},"17":{"start":{"line":20,"column":4},"end":{"line":20,"column":35}},"18":{"start":{"line":22,"column":20},"end":{"line":22,"column":54}},"19":{"start":{"line":23,"column":8},"end":{"line":23,"column":38}},"20":{"start":{"line":24,"column":8},"end":{"line":24,"column":21}},"21":{"start":{"line":26,"column":4},"end":{"line":26,"column":23}},"22":{"start":{"line":28,"column":0},"end":{"line":28,"column":34}}},"fnMap":{"0":{"name":"(anonymous_0)","decl":{"start":{"line":2,"column":45},"end":{"line":2,"column":46}},"loc":{"start":{"line":2,"column":57},"end":{"line":16,"column":1}},"line":2},"1":{"name":"(anonymous_1)","decl":{"start":{"line":3,"column":24},"end":{"line":3,"column":25}},"loc":{"start":{"line":3,"column":40},"end":{"line":8,"column":5}},"line":3},"2":{"name":"(anonymous_2)","decl":{"start":{"line":5,"column":51},"end":{"line":5,"column":52}},"loc":{"start":{"line":5,"column":67},"end":{"line":5,"column":87}},"line":5},"3":{"name":"(anonymous_3)","decl":{"start":{"line":6,"column":12},"end":{"line":6,"column":13}},"loc":{"start":{"line":6,"column":28},"end":{"line":6,"column":109}},"line":6},"4":{"name":"(anonymous_4)","decl":{"start":{"line":9,"column":11},"end":{"line":9,"column":12}},"loc":{"start":{"line":9,"column":27},"end":{"line":15,"column":5}},"line":9},"5":{"name":"__","decl":{"start":{"line":13,"column":17},"end":{"line":13,"column":19}},"loc":{"start":{"line":13,"column":22},"end":{"line":13,"column":47}},"line":13},"6":{"name":"(anonymous_6)","decl":{"start":{"line":19,"column":33},"end":{"line":19,"column":34}},"loc":{"start":{"line":19,"column":51},"end":{"line":27,"column":1}},"line":19},"7":{"name":"CustomError","decl":{"start":{"line":21,"column":13},"end":{"line":21,"column":24}},"loc":{"start":{"line":21,"column":46},"end":{"line":25,"column":5}},"line":21}},"branchMap":{"0":{"loc":{"start":{"line":2,"column":16},"end":{"line":16,"column":4}},"type":"binary-expr","locations":[{"start":{"line":2,"column":17},"end":{"line":2,"column":21}},{"start":{"line":2,"column":25},"end":{"line":2,"column":39}},{"start":{"line":2,"column":44},"end":{"line":16,"column":4}}],"line":2},"1":{"loc":{"start":{"line":4,"column":24},"end":{"line":6,"column":109}},"type":"binary-expr","locations":[{"start":{"line":4,"column":24},"end":{"line":4,"column":45}},{"start":{"line":5,"column":13},"end":{"line":5,"column":47}},{"start":{"line":5,"column":51},"end":{"line":5,"column":87}},{"start":{"line":6,"column":12},"end":{"line":6,"column":109}}],"line":4},"2":{"loc":{"start":{"line":6,"column":47},"end":{"line":6,"column":107}},"type":"if","locations":[{"start":{"line":6,"column":47},"end":{"line":6,"column":107}},{"start":{"line":6,"column":47},"end":{"line":6,"column":107}}],"line":6},"3":{"loc":{"start":{"line":10,"column":8},"end":{"line":11,"column":102}},"type":"if","locations":[{"start":{"line":10,"column":8},"end":{"line":11,"column":102}},{"start":{"line":10,"column":8},"end":{"line":11,"column":102}}],"line":10},"4":{"loc":{"start":{"line":10,"column":12},"end":{"line":10,"column":49}},"type":"binary-expr","locations":[{"start":{"line":10,"column":12},"end":{"line":10,"column":35}},{"start":{"line":10,"column":39},"end":{"line":10,"column":49}}],"line":10},"5":{"loc":{"start":{"line":14,"column":22},"end":{"line":14,"column":92}},"type":"cond-expr","locations":[{"start":{"line":14,"column":35},"end":{"line":14,"column":51}},{"start":{"line":14,"column":55},"end":{"line":14,"column":91}}],"line":14},"6":{"loc":{"start":{"line":22,"column":20},"end":{"line":22,"column":54}},"type":"binary-expr","locations":[{"start":{"line":22,"column":20},"end":{"line":22,"column":46}},{"start":{"line":22,"column":50},"end":{"line":22,"column":54}}],"line":22}},"s":{"0":0,"1":0,"2":0,"3":0,"4":0,"5":0,"6":0,"7":0,"8":0,"9":0,"10":0,"11":0,"12":0,"13":0,"14":0,"15":0,"16":0,"17":0,"18":0,"19":0,"20":0,"21":0,"22":0},"f":{"0":0,"1":0,"2":0,"3":0,"4":0,"5":0,"6":0,"7":0},"b":{"0":[0,0,0],"1":[0,0,0,0],"2":[0,0],"3":[0,0],"4":[0,0],"5":[0,0],"6":[0,0]},"inputSourceMap":{"version":3,"file":"custom.error.js","sourceRoot":"","sources":["../../../src/error/custom.error.ts"],"names":[],"mappings":";;;;;;;;;;;;;;;;;;AAAA;IAAiC,+BAAK;IAEpC,qBAAY,OAAe,EAAE,UAAkB;QAA/C,YACE,kBAAM,OAAO,CAAC,SAEf;QADC,KAAI,CAAC,UAAU,GAAG,UAAU,CAAC;;IAC/B,CAAC;IACH,kBAAC;AAAD,CAAC,AAND,CAAiC,KAAK,GAMrC;AANY,kCAAW"},"all":true},"/Users/jeannedarcnyiramwiza/Documents/ArtistGrow/artistGrow-backend/build/src/extensions/request.extension.js":{"path":"/Users/jeannedarcnyiramwiza/Documents/ArtistGrow/artistGrow-backend/build/src/extensions/request.extension.js","statementMap":{},"fnMap":{},"branchMap":{},"s":{},"f":{},"b":{},"inputSourceMap":{"version":3,"file":"request.extension.js","sourceRoot":"","sources":["../../../src/extensions/request.extension.ts"],"names":[],"mappings":""},"all":true},"/Users/jeannedarcnyiramwiza/Documents/ArtistGrow/artistGrow-backend/build/src/index.js":{"path":"/Users/jeannedarcnyiramwiza/Documents/ArtistGrow/artistGrow-backend/build/src/index.js","statementMap":{"0":{"start":{"line":2,"column":22},"end":{"line":8,"column":3}},"1":{"start":{"line":3,"column":4},"end":{"line":3,"column":33}},"2":{"start":{"line":3,"column":26},"end":{"line":3,"column":33}},"3":{"start":{"line":4,"column":4},"end":{"line":4,"column":89}},"4":{"start":{"line":4,"column":71},"end":{"line":4,"column":83}},"5":{"start":{"line":6,"column":4},"end":{"line":6,"column":33}},"6":{"start":{"line":6,"column":26},"end":{"line":6,"column":33}},"7":{"start":{"line":7,"column":4},"end":{"line":7,"column":17}},"8":{"start":{"line":9,"column":25},"end":{"line":13,"column":2}},"9":{"start":{"line":10,"column":4},"end":{"line":10,"column":72}},"10":{"start":{"line":12,"column":4},"end":{"line":12,"column":21}},"11":{"start":{"line":14,"column":19},"end":{"line":20,"column":1}},"12":{"start":{"line":15,"column":4},"end":{"line":15,"column":42}},"13":{"start":{"line":15,"column":31},"end":{"line":15,"column":42}},"14":{"start":{"line":16,"column":17},"end":{"line":16,"column":19}},"15":{"start":{"line":17,"column":4},"end":{"line":17,"column":141}},"16":{"start":{"line":17,"column":21},"end":{"line":17,"column":141}},"17":{"start":{"line":17,"column":40},"end":{"line":17,"column":141}},"18":{"start":{"line":17,"column":109},"end":{"line":17,"column":141}},"19":{"start":{"line":18,"column":4},"end":{"line":18,"column":36}},"20":{"start":{"line":19,"column":4},"end":{"line":19,"column":18}},"21":{"start":{"line":21,"column":22},"end":{"line":23,"column":1}},"22":{"start":{"line":22,"column":4},"end":{"line":22,"column":62}},"23":{"start":{"line":24,"column":0},"end":{"line":24,"column":62}},"24":{"start":{"line":25,"column":0},"end":{"line":25,"column":28}},"25":{"start":{"line":26,"column":16},"end":{"line":26,"column":51}},"26":{"start":{"line":27,"column":11},"end":{"line":27,"column":40}},"27":{"start":{"line":28,"column":14},"end":{"line":28,"column":46}},"28":{"start":{"line":29,"column":21},"end":{"line":29,"column":61}},"29":{"start":{"line":30,"column":13},"end":{"line":30,"column":45}},"30":{"start":{"line":31,"column":16},"end":{"line":31,"column":44}},"31":{"start":{"line":32,"column":15},"end":{"line":32,"column":49}},"32":{"start":{"line":34,"column":0},"end":{"line":34,"column":27}},"33":{"start":{"line":35,"column":0},"end":{"line":35,"column":42}},"34":{"start":{"line":36,"column":0},"end":{"line":36,"column":42}},"35":{"start":{"line":37,"column":15},"end":{"line":37,"column":41}},"36":{"start":{"line":38,"column":24},"end":{"line":38,"column":64}},"37":{"start":{"line":39,"column":30},"end":{"line":39,"column":75}},"38":{"start":{"line":40,"column":10},"end":{"line":40,"column":34}},"39":{"start":{"line":41,"column":13},"end":{"line":41,"column":35}},"40":{"start":{"line":42,"column":11},"end":{"line":42,"column":39}},"41":{"start":{"line":43,"column":13},"end":{"line":43,"column":38}},"42":{"start":{"line":44,"column":0},"end":{"line":44,"column":34}},"43":{"start":{"line":45,"column":0},"end":{"line":45,"column":31}},"44":{"start":{"line":46,"column":20},"end":{"line":49,"column":1}},"45":{"start":{"line":50,"column":0},"end":{"line":52,"column":1}},"46":{"start":{"line":51,"column":4},"end":{"line":51,"column":31}},"47":{"start":{"line":53,"column":0},"end":{"line":53,"column":46}},"48":{"start":{"line":54,"column":22},"end":{"line":54,"column":77}},"49":{"start":{"line":55,"column":21},"end":{"line":55,"column":45}},"50":{"start":{"line":56,"column":0},"end":{"line":56,"column":65}},"51":{"start":{"line":57,"column":0},"end":{"line":57,"column":40}},"52":{"start":{"line":58,"column":0},"end":{"line":60,"column":3}},"53":{"start":{"line":59,"column":4},"end":{"line":59,"column":62}}},"fnMap":{"0":{"name":"(anonymous_0)","decl":{"start":{"line":2,"column
[...]
{"start":{"line":19,"column":125},"end":{"line":19,"column":126}},"loc":{"start":{"line":19,"column":136},"end":{"line":19,"column":152}},"line":19},"11":{"name":"verb","decl":{"start":{"line":20,"column":13},"end":{"line":20,"column":17}},"loc":{"start":{"line":20,"column":21},"end":{"line":20,"column":70}},"line":20},"12":{"name":"(anonymous_12)","decl":{"start":{"line":20,"column":30},"end":{"line":20,"column":31}},"loc":{"start":{"line":20,"column":43},"end":{"line":20,"column":67}},"line":20},"13":{"name":"step","decl":{"start":{"line":21,"column":13},"end":{"line":21,"column":17}},"loc":{"start":{"line":21,"column":22},"end":{"line":42,"column":5}},"line":21},"14":{"name":"(anonymous_14)","decl":{"start":{"line":44,"column":56},"end":{"line":44,"column":57}},"loc":{"start":{"line":44,"column":71},"end":{"line":46,"column":1}},"line":44},"15":{"name":"(anonymous_15)","decl":{"start":{"line":51,"column":35},"end":{"line":51,"column":36}},"loc":{"start":{"line":51,"column":47},"end":{"line":108,"column":1}},"line":51},"16":{"name":"PasswordUtils","decl":{"start":{"line":52,"column":13},"end":{"line":52,"column":26}},"loc":{"start":{"line":52,"column":29},"end":{"line":53,"column":5}},"line":52},"17":{"name":"(anonymous_17)","decl":{"start":{"line":60,"column":43},"end":{"line":60,"column":44}},"loc":{"start":{"line":60,"column":63},"end":{"line":77,"column":5}},"line":60},"18":{"name":"(anonymous_18)","decl":{"start":{"line":61,"column":47},"end":{"line":61,"column":48}},"loc":{"start":{"line":61,"column":59},"end":{"line":76,"column":9}},"line":61},"19":{"name":"(anonymous_19)","decl":{"start":{"line":63,"column":37},"end":{"line":63,"column":38}},"loc":{"start":{"line":63,"column":51},"end":{"line":75,"column":13}},"line":63},"20":{"name":"(anonymous_20)","decl":{"start":{"line":85,"column":46},"end":{"line":85,"column":47}},"loc":{"start":{"line":85,"column":72},"end":{"line":88,"column":5}},"line":85},"21":{"name":"(anonymous_21)","decl":{"start":{"line":95,"column":39},"end":{"line":95,"column":40}},"loc":{"start":{"line":95,"column":57},"end":{"line":103,"column":5}},"line":95}},"branchMap":{"0":{"loc":{"start":{"line":2,"column":17},"end":{"line":7,"column":1}},"type":"binary-expr","locations":[{"start":{"line":2,"column":18},"end":{"line":2,"column":22}},{"start":{"line":2,"column":26},"end":{"line":2,"column":41}},{"start":{"line":2,"column":46},"end":{"line":7,"column":1}}],"line":2},"1":{"loc":{"start":{"line":3,"column":34},"end":{"line":3,"column":125}},"type":"cond-expr","locations":[{"start":{"line":3,"column":42},"end":{"line":3,"column":48}},{"start":{"line":3,"column":51},"end":{"line":3,"column":125}}],"line":3},"2":{"loc":{"start":{"line":3,"column":51},"end":{"line":3,"column":125}},"type":"cond-expr","locations":[{"start":{"line":3,"column":67},"end":{"line":3,"column":118}},{"start":{"line":3,"column":121},"end":{"line":3,"column":125}}],"line":3},"3":{"loc":{"start":{"line":4,"column":4},"end":{"line":5,"column":150}},"type":"if","locations":[{"start":{"line":4,"column":4},"end":{"line":5,"column":150}},{"start":{"line":4,"column":4},"end":{"line":5,"column":150}}],"line":4},"4":{"loc":{"start":{"line":4,"column":8},"end":{"line":4,"column":77}},"type":"binary-expr","locations":[{"start":{"line":4,"column":8},"end":{"line":4,"column":35}},{"start":{"line":4,"column":39},"end":{"line":4,"column":77}}],"line":4},"5":{"loc":{"start":{"line":5,"column":58},"end":{"line":5,"column":150}},"type":"if","locations":[{"start":{"line":5,"column":58},"end":{"line":5,"column":150}},{"start":{"line":5,"column":58},"end":{"line":5,"column":150}}],"line":5},"6":{"loc":{"start":{"line":5,"column":85},"end":{"line":5,"column":149}},"type":"binary-expr","locations":[{"start":{"line":5,"column":86},"end":{"line":5,"column":143}},{"start":{"line":5,"column":148},"end":{"line":5,"column":149}}],"line":5},"7":{"loc":{"start":{"line":5,"column":86},"end":{"line":5,"column":143}},"type":"cond-expr","locations":[{"start":{"line":5,"column":94},"end":{"line":5,"column":98}},{"start":{"line":5,"column":101},"end":{"line":5,"column":143}}],"line":5},"8":{"loc":{"start":{"line":5,"column":101},"end":{"line":5,"column":143}},"type":"cond-expr","locations":[{"start":{"line":5,"column":109},"end":{"line":5,"column":126}},{"start":{"line":5,"column":129},"end":{"line":5,"column":143}}],"line":5},"9":{"loc":{"start":{"line":6,"column":11},"end":{"line":6,"column":62}},"type":"binary-expr","locations":[{"start":{"line":6,"column":11},"end":{"line":6,"column":16}},{"start":{"line":6,"column":20},"end":{"line":6,"column":21}},{"start":{"line":6,"column":25},"end":{"line":6,"column":62}}],"line":6},"10":{"loc":{"start":{"line":8,"column":16},"end":{"line":16,"column":1}},"type":"binary-expr","locations":[{"start":{"line":8,"column":17},"end":{"line":8,"column":21}},{"start":{"line":8,"column":25},"end":{"line":8,"column":39}},{"start":{"line":8,"column":44},"end":{"line":16,"column":1}}],"line":8},"11":{"loc":{"start":{"line":9,"column":35},"end":{"line":9,"column":109}},"type":"cond-expr","locations":[{"start":{"line":9,"column":56},"end":{"line":9,"column":61}},{"start":{"line":9,"column":64},"end":{"line":9,"column":109}}],"line":9},"12":{"loc":{"start":{"line":10,"column":16},"end":{"line":10,"column":34}},"type":"binary-expr","locations":[{"start":{"line":10,"column":16},"end":{"line":10,"column":17}},{"start":{"line":10,"column":22},"end":{"line":10,"column":33}}],"line":10},"13":{"loc":{"start":{"line":13,"column":32},"end":{"line":13,"column":115}},"type":"cond-expr","locations":[{"start":{"line":13,"column":46},"end":{"line":13,"column":67}},{"start":{"line":13,"column":70},"end":{"line":13,"column":115}}],"line":13},"14":{"loc":{"start":{"line":14,"column":51},"end":{"line":14,"column":67}},"type":"binary-expr","locations":[{"start":{"line":14,"column":51},"end":{"line":14,"column":61}},{"start":{"line":14,"column":65},"end":{"line":14,"column":67}}],"line":14},"15":{"loc":{"start":{"line":17,"column":18},"end":{"line":43,"column":1}},"type":"binary-expr","locations":[{"start":{"line":17,"column":19},"end":{"line":17,"column":23}},{"start":{"line":17,"column":27},"end":{"line":17,"column":43}},{"start":{"line":17,"column":48},"end":{"line":43,"column":1}}],"line":17},"16":{"loc":{"start":{"line":18,"column":43},"end":{"line":18,"column":68}},"type":"if","locations":[{"start":{"line":18,"column":43},"end":{"line":18,"column":68}},{"start":{"line":18,"column":43},"end":{"line":18,"column":68}}],"line":18},"17":{"loc":{"start":{"line":19,"column":71},"end":{"line":19,"column":153}},"type":"binary-expr","locations":[{"start":{"line":19,"column":71},"end":{"line":19,"column":99}},{"start":{"line":19,"column":104},"end":{"line":19,"column":152}}],"line":19},"18":{"loc":{"start":{"line":22,"column":8},"end":{"line":22,"column":70}},"type":"if","locations":[{"start":{"line":22,"column":8},"end":{"line":22,"column":70}},{"start":{"line":22,"column":8},"end":{"line":22,"column":70}}],"line":22},"19":{"loc":{"start":{"line":24,"column":12},"end":{"line":24,"column":169}},"type":"if","locations":[{"start":{"line":24,"column":12},"end":{"line":24,"column":169}},{"start":{"line":24,"column":12},"end":{"line":24,"column":169}}],"line":24},"20":{"loc":{"start":{"line":24,"column":23},"end":{"line":24,"column":158}},"type":"binary-expr","locations":[{"start":{"line":24,"column":23},"end":{"line":24,"column":24}},{"start":{"line":24,"column":29},"end":{"line":24,"column":125}},{"start":{"line":24,"column":130},"end":{"line":24,"column":158}}],"line":24},"21":{"loc":{"start":{"line":24,"column":33},"end":{"line":24,"column":125}},"type":"cond-expr","locations":[{"start":{"line":24,"column":45},"end":{"line":24,"column":56}},{"start":{"line":24,"column":59},"end":{"line":24,"column":125}}],"line":24},"22":{"loc":{"start":{"line":24,"column":59},"end":{"line":24,"column":125}},"type":"cond-expr","locations":[{"start":{"line":24,"column":67},"end":{"line":24,"column":116}},{"start":{"line":24,"column":119},"end":{"line":24,"column":125}}],"line":24},"23":{"loc":{"start":{"line":24,"column":67},"end":{"line":24,"column":116}},"type":"binary-expr","locations":[{"start":{"line":24,"column":67},"end":{"line":24,"column":77}},{"start":{"line":24,"column":82},"end":{"line":24,"column":115}}],"line":24},"24":{"loc":{"start":{"line":24,"column":82},"end":{"line":24,"column":112}},"type":"binary-expr","locations":[{"start":{"line":24,"column":83},"end":{"line":24,"column":98}},{"start":{"line":24,"column":103},"end":{"line":24,"column":112}}],"line":24},"25":{"loc":{"start":{"line":25,"column":12},"end":{"line":25,"column":52}},"type":"if","locations":[{"start":{"line":25,"column":12},"end":{"line":25,"column":52}},{"start":{"line":25,"column":12},"end":{"line":25,"column":52}}],"line":25},"26":{"loc":{"start":{"line":26,"column":12},"end":{"line":38,"column":13}},"type":"switch","locations":[{"start":{"line":27,"column":16},"end":{"line":27,"column":23}},{"start":{"line":27,"column":24},"end":{"line":27,"column":46}},{"start":{"line":28,"column":16},"end":{"line":28,"column":72}},{"start":{"line":29,"column":16},"end":{"line":29,"column":65}},{"start":{"line":30,"column":16},"end":{"line":30,"column":65}},{"start":{"line":31,"column":16},"end":{"line":37,"column":43}}],"line":26},"27":{"loc":{"start":{"line":32,"column":20},"end":{"line":32,"column":128}},"type":"if","locations":[{"start":{"line":32,"column":20},"end":{"line":32,"column":128}},{"start":{"line":32,"column":20},"end":{"line":32,"column":128}}],"line":32},"28":{"loc":{"start":{"line":32,"column":24},"end":{"line":32,"column":106}},"type":"binary-expr","locations":[{"start":{"line":32,"column":24},"end":{"line":32,"column":74}},{"start":{"line":32,"column":79},"end":{"line":32,"column":90}},{"start":{"line":32,"column":94},"end":{"line":32,"column":105}}],"line":32},"29":{"loc":{"start":{"line":32,"column":42},"end":{"line":32,"column":73}},"type":"binary-expr","locations":[{"start":{"line":32,"column":42},"end":{"line":32,"column":54}},{"start":{"line":32,"column":58},"end":{"line":32,"column":73}}],"line":32},"30":{"loc":{"start":{"line":33,"column":20},"end":{"line":33,"column":106}},"type":"if","locations":[{"start":{"line":33,"column":20},"end":{"line":33,"column":106}},{"start":{"line":33,"column":20},"end":{"line":33,"column":106}}],"line":33},"31":{"loc":{"start":{"line":33,"column":24},"end":{"line":33,"column":77}},"type":"binary-expr","locations":[{"start":{"line":33,"column":24},"end":{"line":33,"column":35}},{"start":{"line":33,"column":40},"end":{"line":33,"column":42}},{"start":{"line":33,"column":47},"end":{"line":33,"column":59}},{"start":{"line":33,"column":63},"end":{"line":33,"column":75}}],"line":33},"32":{"loc":{"start":{"line":34,"column":20},"end":{"line":34,"column":89}},"type":"if","locations":[{"start":{"line":34,"column":20},"end":{"line":34,"column":89}},{"start":{"line":34,"column":20},"end":{"line":34,"column":89}}],"line":34},"33":{"loc":{"start":{"line":34,"column":24},"end":{"line":34,"column":53}},"type":"binary-expr","locations":[{"start":{"line":34,"column":24},"end":{"line":34,"column":35}},{"start":{"line":34,"column":39},"end":{"line":34,"column":53}}],"line":34},"34":{"loc":{"start":{"line":35,"column":20},"end":{"line":35,"column":87}},"type":"if","locations":[{"start":{"line":35,"column":20},"end":{"line":35,"column":87}},{"start":{"line":35,"column":20},"end":{"line":35,"column":87}}],"line":35},"35":{"loc":{"start":{"line":35,"column":24},"end":{"line":35,"column":43}},"type":"binary-expr","locations":[{"start":{"line":35,"column":24},"end":{"line":35,"column":25}},{"start":{"line":35,"column":29},"end":{"line":35,"column":43}}],"line":35},"36":{"loc":{"start":{"line":36,"column":20},"end":{"line":36,"column":42}},"type":"if","locations":[{"start":{"line":36,"column":20},"end":{"line":36,"column":42}},{"start":{"line":36,"column":20},"end":{"line":36,"column":42}}],"line":36},"37":{"loc":{"start":{"line":41,"column":8},"end":{"line":41,"column":35}},"type":"if","locations":[{"start":{"line":41,"column":8},"end":{"line":41,"column":35}},{"start":{"line":41,"column":8},"end":{"line":41,"column":35}}],"line":41},"38":{"loc":{"start":{"line":41,"column":52},"end":{"line":41,"column":74}},"type":"cond-expr","locations":[{"start":{"line":41,"column":60},"end":{"line":41,"column":65}},{"start":{"line":41,"column":68},"end":{"line":41,"column":74}}],"line":41},"39":{"loc":{"start":{"line":44,"column":22},"end":{"line":46,"column":1}},"type":"binary-expr","locations":[{"start":{"line":44,"column":23},"end":{"line":44,"column":27}},{"start":{"line":44,"column":31},"end":{"line":44,"column":51}},{"start":{"line":44,"column":56},"end":{"line":46,"column":1}}],"line":44},"40":{"loc":{"start":{"line":45,"column":11},"end":{"line":45,"column":61}},"type":"cond-expr","locations":[{"start":{"line":45,"column":37},"end":{"line":45,"column":40}},{"start":{"line":45,"column":43},"end":{"line":45,"column":61}}],"line":45},"41":{"loc":{"start":{"line":45,"column":12},"end":{"line":45,"column":33}},"type":"binary-expr","locations":[{"start":{"line":45,"column":12},"end":{"line":45,"column":15}},{"start":{"line":45,"column":19},"end":{"line":45,"column":33}}],"line":45},"42":{"loc":{"start":{"line":64,"column":16},"end":{"line":74,"column":17}},"type":"switch","locations":[{"start":{"line":65,"column":20},"end":{"line":67,"column":81}},{"start":{"line":68,"column":20},"end":{"line":70,"column":86}},{"start":{"line":71,"column":20},"end":{"line":73,"column":60}}],"line":64}},"s":{"0":0,"1":0,"2":0,"3":0,"4":0,"5":0,"6":0,"7":0,"8":0,"9":0,"10":0,"11":0,"12":0,"13":0,"14":0,"15":0,"16":0,"17":0,"18":0,"19":0,"20":0,"21":0,"22":0,"23":0,"24":0,"25":0,"26":0,"27":0,"28":0,"29":0,"30":0,"31":0,"32":0,"33":0,"34":0,"35":0,"36":0,"37":0,"38":0,"39":0,"40":0,"41":0,"42":0,"43":0,"44":0,"45":0,"46":0,"47":0,"48":0,"49":0,"50":0,"51":0,"52":0,"53":0,"54":0,"55":0,"56":0,"57":0,"58":0,"59":0,"60":0,"61":0,"62":0,"63":0,"64":0,"65":0,"66":0,"67":0,"68":0,"69":0,"70":0,"71":0,"72":0,"73":0,"74":0,"75":0,"76":0,"77":0,"78":0,"79":0,"80":0,"81":0,"82":0,"83":0,"84":0,"85":0,"86":0,"87":0,"88":0,"89":0,"90":0,"91":0,"92":0,"93":0,"94":0,"95":0,"96":0,"97":0,"98":0,"99":0,"100":0,"101":0,"102":0,"103":0,"104":0,"105":0,"106":0},"f":{"0":0,"1":0,"2":0,"3":0,"4":0,"5":0,"6":0,"7":0,"8":0,"9":0,"10":0,"11":0,"12":0,"13":0,"14":0,"15":0,"16":0,"17":0,"18":0,"19":0,"20":0,"21":0},"b":{"0":[0,0,0],"1":[0,0],"2":[0,0],"3":[0,0],"4":[0,0],"5":[0,0],"6":[0,0],"7":[0,0],"8":[0,0],"9":[0,0,0],"10":[0,0,0],"11":[0,0],"12":[0,0],"13":[0,0],"14":[0,0],"15":[0,0,0],"16":[0,0],"17":[0,0],"18":[0,0],"19":[0,0],"20":[0,0,0],"21":[0,0],"22":[0,0],"23":[0,0],"24":[0,0],"25":[0,0],"26":[0,0,0,0,0,0],"27":[0,0],"28":[0,0,0],"29":[0,0],"30":[0,0],"31":[0,0,0,0],"32":[0,0],"33":[0,0],"34":[0,0],"35":[0,0],"36":[0,0],"37":[0,0],"38":[0,0],"39":[0,0,0],"40":[0,0],"41":[0,0],"42":[0,0,0]},"inputSourceMap":{"version":3,"file":"password.utils.js","sourceRoot":"","sources":["../../../src/utils/password.utils.ts"],"names":[],"mappings":";;;;;;;;;;;;;;;;;;;;;;;;;;;;;;;;;;;;;;;;;;;;;;;;AAAA,sDAA8B;AAC9B,iCAAiC;AAGjC;IAAA;IA0CA,CAAC;IAzCC;;;;;OAKG;IACG,oCAAY,GAAlB,UAAmB,QAAgB;;;;;;wBAC3B,MAAM,GAAG,EAAE,CAAC;wBACL,qBAAM,kBAAM,CAAC,OAAO,CAAC,MAAM,CAAC,EAAA;;wBAAnC,IAAI,GAAG,SAA4B;wBACpB,qBAAM,kBAAM,CAAC,IAAI,CAAC,QAAQ,EAAE,IAAI,CAAC,EAAA;;wBAAhD,YAAY,GAAG,SAAiC;wBACtD,sBAAO,YAAY,EAAC;;;;KACrB;IAED;;;;;;OAMG;IACH,uCAAe,GAAf,UAAgB,QAAgB,EAAE,IAAY;QAC5C,IAAM,SAAS,GAAG,kBAAM,CAAC,WAAW,CAAC,QAAQ,EAAE,IAAI,CAAC,CAAC;QACrD,OAAO,SAAS,CAAC;IACnB,CAAC;IAED;;;;;OAKG;IACH,gCAAQ,GAAR,UAAS,MAAc;QACrB,IAAI,MAAM,GAAG,EAAE,CAAC;QAChB,IAAM,UAAU,GACd,oFAAoF,CAAC;QACvF,IAAM,gBAAgB,GAAG,UAAU,CAAC,MAAM,CAAC;QAC3C,KAAK,IAAI,CAAC,GAAG,CAAC,EAAE,CAAC,GAAG,MAAM,EAAE,CAAC,EAAE,EAAE;YAC/B,MAAM,IAAI,UAAU,CAAC,MAAM,CAAC,IAAI,CAAC,KAAK,CAAC,IAAI,CAAC,MAAM,EAAE,GAAG,gBAAgB,CAAC,CAAC,CAAC;SAC3E;QACD,OAAO,MAAM,CAAC;IAChB,CAAC;IAzCU,aAAa;QADzB,IAAA,gBAAO,GAAE;OACG,aAAa,CA0CzB;IAAD,oBAAC;CAAA,AA1CD,IA0CC;AA1CY,sCAAa"},"all":true},"/Users/jeannedarcnyiramwiza/Documents/ArtistGrow/artistGrow-backend/config/db.ts":{"path":"/Users/jeannedarcnyiramwiza/Documents/ArtistGrow/artistGrow-backend/config/db.ts","statementMap":{"0":{"start":{"line":3,"column":0},"end":{"line":3,"column":15}},"1":{"start":{"line":5,"column":22},"end":{"line":43,"column":1}}},"fnMap":{},"branchMap":{"0":{"loc":{"start":{"line":7,"column":19},"end":{"line":7,"column":52}},"type":"binary-expr","locations":[{"start":{"line":7,"column":19},"end":{"line":7,"column":42}},{"start":{"line":7,"column":46},"end":{"line":7,"column":52}}],"line":7},"1":{"loc":{"start":{"line":18,"column":14},"end":{"line":18,"column":50}},"type":"binary-expr","locations":[{"start":{"line":18,"column":14},"end":{"line":18,"column":37}},{"start":{"line":18,"column":41},"end":{"line":18,"column":50}}],"line":18},"2":{"loc":{"start":{"line":19,"column":14},"end":{"line":19,"column":49}},"type":"binary-expr","locations":[{"start":{"line":19,"column":14},"end":{"line":19,"column":37}},{"start":{"line":19,"column":41},"end":{"line":19,"column":49}}],"line":19},"3":{"loc":{"start":{"line":20,"column":14},"end":{"line":20,"column":53}},"type":"binary-expr","locations":[{"start":{"line":20,"column":14},"end":{"line":20,"column":37}},{"start":{"line":20,"column":41},"end":{"line":20,"column":53}}],"line":20},"4":{"loc":{"start":{"line":42,"column":16},"end":{"line":42,"column":64}},"type":"binary-expr","locations":[{"start":{"line":42,"column":16},"end":{"line":42,"column":42}},{"start":{"line":42,"column":46},"end":{"line":42,"column":64}}],"line":42}},"s":{"0":0,"1":0},"f":{},"b":{"0":[0,0],"1":[0,0],"2":[0,0],"3":[0,0],"4":[0,0]},"all":true},"/Users/jeannedarcnyiramwiza/Documents/ArtistGrow/artistGrow-backend/config/development.ts":{"path":"/Users/jeannedarcnyiramwiza/Documents/ArtistGrow/artistGrow-backend/config/development.ts","statementMap":{"0":{"start":{"line":1,"column":22},"end":{"line":3,"column":1}}},"fnMap":{},"branchMap":{},"s":{"0":0},"f":{},"b":{},"all":true},"/Users/jeannedarcnyiramwiza/Documents/ArtistGrow/artistGrow-backend/config/test.ts":{"path":"/Users/jeannedarcnyiramwiza/Documents/ArtistGrow/artistGrow-backend/config/test.ts","statementMap":{"0":{"start":{"line":1,"column":26},"end":{"line":11,"column":1}}},"fnMap":{},"branchMap":{},"s":{"0":0},"f":{},"b":{},"all":true},"/Users/jeannedarcnyiramwiza/Documents/ArtistGrow/artistGrow-backend/ormconfig.ts":{"path":"/Users/jeannedarcnyiramwiza/Documents/ArtistGrow/artistGrow-backend/ormconfig.ts","statementMap":{},"fnMap":{},"branchMap":{},"s":{},"f":{},"b":{},"all":true},"/Users/jeannedarcnyiramwiza/Documents/ArtistGrow/artistGrow-backend/src/constants/unsecure-routes.ts":{"path":"/Users/jeannedarcnyiramwiza/Documents/ArtistGrow/artistGrow-backend/src/constants/unsecure-routes.ts","statementMap":{"0":{"start":{"line":1,"column":31},"end":{"line":6,"column":1}}},"fnMap":{},"branchMap":{},"s":{"0":0},"f":{},"b":{},"all":true},"/Users/jeannedarcnyiramwiza/Documents/ArtistGrow/artistGrow-backend/transformPackage.js":{"path":"/Users/jeannedarcnyiramwiza/Documents/ArtistGrow/artistGrow-backend/transformPackage.js","statementMap":{"0":{"start":{"line":2,"column":25},"end":{"line":2,"column":68}},"1":{"start":{"line":3,"column":20},"end":{"line":3,"column":40}},"2":{"start":{"line":4,"column":28},"end":{"line":4,"column":49}},"3":{"start":{"line":6,"column":27},"end":{"line":6,"column":29}},"4":{"start":{"line":7,"column":0},"end":{"line":9,"column":3}},"5":{"start":{"line":8,"column":2},"end":{"line":8,"column":57}},"6":{"start":{"line":11,"column":0},"end":{"line":14,"column":2}}},"fnMap":{"0":{"name":"(anonymous_0)","decl":{"start":{"line":7,"column":25},"end":{"line":7,"column":26}},"loc":{"start":{"line":7,"column":40},"end":{"line":9,"column":1}},"line":7}},"branchMap":{},"s":{"0":0,"1":0,"2":0,"3":0,"4":0,"5":0,"6":0},"f":{"0":0},"b":{},"all":true}}