TN:
SF:ormconfig.ts
FNF:0
FNH:0
LF:0
LH:0
BRF:0
BRH:0
end_of_record
TN:
SF:transformPackage.js
FN:7,(anonymous_0)
FNF:1
FNH:0
FNDA:0,(anonymous_0)
DA:2,0
DA:3,0
DA:4,0
DA:6,0
DA:7,0
DA:8,0
DA:11,0
LF:7
LH:0
BRF:0
BRH:0
end_of_record
TN:
SF:config/db.ts
FNF:0
FNH:0
DA:3,0
DA:5,0
LF:2
LH:0
BRDA:7,0,0,0
BRDA:7,0,1,0
BRDA:18,1,0,0
BRDA:18,1,1,0
BRDA:19,2,0,0
BRDA:19,2,1,0
BRDA:20,3,0,0
BRDA:20,3,1,0
BRDA:42,4,0,0
BRDA:42,4,1,0
BRF:10
BRH:0
end_of_record
TN:
SF:config/default.ts
FNF:0
FNH:0
DA:1,0
DA:3,0
DA:5,0
LF:3
LH:0
BRDA:7,0,0,0
BRDA:7,0,1,0
BRDA:28,1,0,0
BRDA:28,1,1,0
BRF:4
BRH:0
end_of_record
TN:
SF:config/development.ts
FNF:0
FNH:0
DA:1,0
LF:1
LH:0
BRF:0
BRH:0
end_of_record
TN:
SF:config/test.ts
FNF:0
FNH:0
DA:1,0
LF:1
LH:0
BRF:0
BRH:0
end_of_record
TN:
SF:src/index.ts
FN:45,(anonymous_7)
FNF:1
FNH:0
FNDA:0,(anonymous_7)
DA:1,0
DA:2,0
DA:3,0
DA:4,0
DA:5,0
DA:6,0
DA:7,0
DA:8,0
DA:10,0
DA:11,0
DA:12,0
DA:13,0
DA:14,0
DA:15,0
DA:17,0
DA:18,0
DA:20,0
DA:21,0
DA:23,0
DA:24,0
DA:26,0
DA:35,0
DA:36,0
DA:38,0
DA:40,0
DA:41,0
DA:42,0
DA:43,0
DA:45,0
DA:46,0
LF:30
LH:0
BRDA:35,0,0,0
BRDA:35,0,1,0
BRF:2
BRH:0
end_of_record
TN:
SF:src/constants/email-templates.ts
FN:1,(anonymous_0)
FN:5,(anonymous_1)
FNF:2
FNH:0
FNDA:0,(anonymous_0)
FNDA:0,(anonymous_1)
DA:1,0
DA:2,0
DA:5,0
DA:6,0
LF:4
LH:0
BRDA:1,0,0,0
BRDA:1,0,1,0
BRDA:5,1,0,0
BRDA:5,1,1,0
BRF:4
BRH:0
end_of_record
TN:
SF:src/constants/http-codes.ts
FN:1,(anonymous_0)
FNF:1
FNH:0
FNDA:0,(anonymous_0)
DA:1,0
DA:2,0
DA:3,0
DA:4,0
DA:5,0
LF:5
LH:0
BRDA:1,0,0,0
BRDA:1,0,1,0
BRF:2
BRH:0
end_of_record
TN:
SF:src/constants/unsecure-routes.ts
FNF:0
FNH:0
DA:1,0
LF:1
LH:0
BRF:0
BRH:0
end_of_record
TN:
SF:src/controllers/users.controller.ts
FN:11,(anonymous_15)
FN:12,UsersController
FN:15,(anonymous_17)
FN:27,(anonymous_20)
FN:39,(anonymous_23)
FN:51,(anonymous_26)
FNF:6
FNH:0
FNDA:0,(anonymous_15)
FNDA:0,UsersController
FNDA:0,(anonymous_17)
FNDA:0,(anonymous_20)
FNDA:0,(anonymous_23)
FNDA:0,(anonymous_26)
DA:2,0
DA:3,0
DA:4,0
DA:5,0
DA:7,0
DA:11,0
DA:12,0
DA:15,0
DA:17,0
DA:18,0
DA:20,0
DA:27,0
DA:29,0
DA:30,0
DA:32,0
DA:39,0
DA:41,0
DA:42,0
DA:44,0
DA:51,0
DA:53,0
DA:56,0
DA:58,0
DA:63,0
LF:24
LH:0
BRDA:21,0,0,0
BRDA:21,0,1,0
BRDA:33,1,0,0
BRDA:33,1,1,0
BRDA:45,2,0,0
BRDA:45,2,1,0
BRDA:54,3,0,0
BRDA:54,3,1,0
BRDA:54,4,0,0
BRDA:54,4,1,0
BRDA:59,5,0,0
BRDA:59,5,1,0
BRF:12
BRH:0
end_of_record
TN:
SF:src/db/connection.ts
FN:11,(anonymous_0)
FNF:1
FNH:0
FNDA:0,(anonymous_0)
DA:1,0
DA:2,0
DA:4,0
DA:5,0
DA:7,0
DA:9,0
DA:11,0
DA:12,0
DA:13,0
LF:9
LH:0
BRF:0
BRH:0
end_of_record
TN:
SF:src/decorators/controller.decorators.ts
FN:10,(anonymous_1)
FN:11,(anonymous_2)
FN:21,(anonymous_3)
FNF:3
FNH:0
FNDA:0,(anonymous_1)
FNDA:0,(anonymous_2)
FNDA:0,(anonymous_3)
DA:1,0
DA:2,0
DA:4,0
DA:7,0
DA:8,0
DA:10,0
DA:11,0
DA:12,0
DA:13,0
DA:14,0
DA:16,0
DA:20,0
DA:21,0
DA:22,0
DA:27,0
LF:15
LH:0
BRDA:13,0,0,0
BRDA:13,0,1,0
BRF:2
BRH:0
end_of_record
TN:
SF:src/decorators/router.decorator.ts
FN:3,Get
FN:4,(anonymous_1)
FN:21,Post
FN:22,(anonymous_3)
FN:39,Delete
FN:40,(anonymous_5)
FN:57,Put
FN:58,(anonymous_7)
FNF:8
FNH:0
FNDA:0,Get
FNDA:0,(anonymous_1)
FNDA:0,Post
FNDA:0,(anonymous_3)
FNDA:0,Delete
FNDA:0,(anonymous_5)
FNDA:0,Put
FNDA:0,(anonymous_7)
DA:3,0
DA:4,0
DA:5,0
DA:6,0
DA:8,0
DA:12,0
DA:17,0
DA:21,0
DA:22,0
DA:23,0
DA:24,0
DA:26,0
DA:30,0
DA:35,0
DA:39,0
DA:40,0
DA:41,0
DA:42,0
DA:44,0
DA:48,0
DA:53,0
DA:57,0
DA:58,0
DA:59,0
DA:60,0
DA:62,0
DA:66,0
DA:71,0
LF:28
LH:0
BRDA:5,0,0,0
BRDA:5,0,1,0
BRDA:23,1,0,0
BRDA:23,1,1,0
BRDA:41,2,0,0
BRDA:41,2,1,0
BRDA:59,3,0,0
BRDA:59,3,1,0
BRF:8
BRH:0
end_of_record
TN:
SF:src/dto/email-template.dto.ts
FN:1,(anonymous_0)
FNF:1
FNH:0
FNDA:0,(anonymous_0)
DA:1,0
DA:5,0
LF:2
LH:0
BRF:0
BRH:0
end_of_record
TN:
SF:src/dto/users.dto.ts
FN:1,(anonymous_0)
FNF:1
FNH:0
FNDA:0,(anonymous_0)
DA:1,0
DA:5,0
LF:2
LH:0
BRF:0
BRH:0
end_of_record
TN:
SF:src/entity/email-template.entity.ts
FN:4,(anonymous_2)
FNF:1
FNH:0
FNDA:0,(anonymous_2)
DA:1,0
DA:4,0
DA:9,0
DA:14,0
DA:20,0
DA:25,0
DA:26,0
LF:7
LH:0
BRF:0
BRH:0
end_of_record
TN:
SF:src/entity/users.entity.ts
FN:4,(anonymous_2)
FNF:1
FNH:0
FNDA:0,(anonymous_2)
DA:1,0
DA:4,0
DA:9,0
DA:14,0
DA:20,0
DA:26,0
DA:31,0
DA:38,0
DA:39,0
LF:9
LH:0
BRF:0
BRH:0
end_of_record
TN:
SF:src/error/custom.error.ts
FN:1,(anonymous_6)
FN:3,CustomError
FNF:2
FNH:0
FNDA:0,(anonymous_6)
FNDA:0,CustomError
DA:1,0
DA:4,0
DA:5,0
DA:7,0
LF:4
LH:0
BRDA:4,0,0,0
BRDA:4,0,1,0
BRF:2
BRH:0
end_of_record
TN:
SF:src/logger/logger.ts
FN:4,(anonymous_1)
FN:6,Logger
FN:8,(anonymous_3)
FNF:3
FNH:0
FNDA:0,(anonymous_1)
FNDA:0,Logger
FNDA:0,(anonymous_3)
DA:1,0
DA:2,0
DA:4,0
DA:8,0
DA:9,0
DA:10,0
DA:11,0
DA:20,0
DA:22,0
DA:24,0
LF:10
LH:0
BRDA:9,0,0,0
BRDA:9,0,1,0
BRDA:12,1,0,0
BRDA:12,1,1,0
BRF:4
BRH:0
end_of_record
TN:
SF:src/middlewares/auth.middleware.ts
FN:9,(anonymous_15)
FN:10,UsersMiddleware
FN:18,(anonymous_17)
FN:19,(anonymous_18)
FN:19,(anonymous_19)
FN:23,(anonymous_21)
FNF:6
FNH:0
FNDA:0,(anonymous_15)
FNDA:0,UsersMiddleware
FNDA:0,(anonymous_17)
FNDA:0,(anonymous_18)
FNDA:0,(anonymous_19)
FNDA:0,(anonymous_21)
DA:2,0
DA:3,0
DA:4,0
DA:5,0
DA:6,0
DA:9,0
DA:10,0
DA:18,0
DA:19,0
DA:20,0
DA:21,0
DA:24,0
DA:29,0
DA:31,0
DA:32,0
DA:35,0
DA:39,0
DA:40,0
DA:46,0
DA:48,0
DA:49,0
DA:50,0
DA:52,0
DA:57,0
DA:61,0
LF:25
LH:0
BRDA:18,0,0,0
BRDA:18,0,1,0
BRDA:24,1,0,0
BRDA:24,1,1,0
BRDA:31,2,0,0
BRDA:31,2,1,0
BRDA:31,3,0,0
BRDA:31,3,1,0
BRDA:36,4,0,0
BRDA:36,4,1,0
BRDA:36,5,0,0
BRDA:36,5,1,0
BRDA:39,6,0,0
BRDA:39,6,1,0
BRDA:48,7,0,0
BRDA:48,7,1,0
BRF:16
BRH:0
end_of_record
TN:
SF:src/pre-load-data/scripts/load-data.ts
FN:11,(anonymous_14)
FN:15,LoadData
FN:19,(anonymous_16)
FN:22,(anonymous_17)
FN:28,(anonymous_18)
FNF:5
FNH:0
FNDA:0,(anonymous_14)
FNDA:0,LoadData
FNDA:0,(anonymous_16)
FNDA:0,(anonymous_17)
FNDA:0,(anonymous_18)
DA:1,0
DA:2,0
DA:3,0
DA:4,0
DA:9,0
DA:11,0
DA:15,0
DA:16,0
DA:17,0
DA:18,0
DA:20,0
DA:23,0
DA:28,0
DA:29,0
DA:32,0
DA:33,0
DA:35,0
DA:45,0
LF:18
LH:0
BRDA:29,0,0,0
BRDA:29,0,1,0
BRDA:32,1,0,0
BRDA:32,1,1,0
BRF:4
BRH:0
end_of_record
TN:
SF:src/respositories/email-template.repository.ts
FN:7,(anonymous_14)
FN:8,(anonymous_16)
FN:15,(anonymous_19)
FNF:3
FNH:0
FNDA:0,(anonymous_14)
FNDA:0,(anonymous_16)
FNDA:0,(anonymous_19)
DA:1,0
DA:2,0
DA:4,0
DA:7,0
DA:8,0
DA:9,0
DA:12,0
DA:15,0
DA:16,0
DA:19,0
DA:21,0
LF:11
LH:0
BRDA:9,0,0,0
BRDA:16,1,0,0
BRF:2
BRH:0
end_of_record
TN:
SF:src/respositories/users.repository.ts
FN:7,(anonymous_15)
FN:8,UsersRepository
FN:14,(anonymous_17)
FN:27,(anonymous_20)
FN:46,(anonymous_23)
FNF:5
FNH:0
FNDA:0,(anonymous_15)
FNDA:0,UsersRepository
FNDA:0,(anonymous_17)
FNDA:0,(anonymous_20)
FNDA:0,(anonymous_23)
DA:1,0
DA:2,0
DA:4,0
DA:7,0
DA:14,0
DA:15,0
DA:18,0
DA:27,0
DA:32,0
DA:33,0
DA:37,0
DA:46,0
DA:47,0
DA:48,0
DA:50,0
LF:15
LH:0
BRDA:15,0,0,0
BRDA:32,1,0,0
BRDA:32,1,1,0
BRDA:47,2,0,0
BRF:4
BRH:0
end_of_record
TN:
SF:src/services/users.service.ts
FN:14,(anonymous_15)
FN:16,UsersService
FN:30,(anonymous_17)
FN:46,(anonymous_20)
FN:59,(anonymous_23)
FN:104,(anonymous_26)
FNF:6
FNH:0
FNDA:0,(anonymous_15)
FNDA:0,UsersService
FNDA:0,(anonymous_17)
FNDA:0,(anonymous_20)
FNDA:0,(anonymous_23)
FNDA:0,(anonymous_26)
DA:1,0
DA:3,0
DA:4,0
DA:6,0
DA:7,0
DA:8,0
DA:9,0
DA:10,0
DA:11,0
DA:14,0
DA:17,0
DA:18,0
DA:19,0
DA:20,0
DA:22,0
DA:30,0
DA:31,0
DA:32,0
DA:37,0
DA:38,0
DA:46,0
DA:47,0
DA:48,0
DA:49,0
DA:50,0
DA:59,0
DA:60,0
DA:61,0
DA:66,0
DA:67,0
DA:68,0
DA:73,0
DA:75,0
DA:79,0
DA:80,0
DA:81,0
DA:82,0
DA:83,0
DA:94,0
DA:95,0
DA:104,0
DA:105,0
DA:111,0
DA:115,0
DA:116,0
DA:121,0
DA:122,0
DA:123,0
DA:128,0
LF:49
LH:0
BRDA:66,0,0,0
BRDA:66,0,1,0
BRDA:73,1,0,0
BRDA:73,1,1,0
BRDA:82,2,0,0
BRDA:82,2,1,0
BRDA:105,3,0,0
BRDA:113,4,0,0
BRDA:113,4,1,0
BRDA:113,5,0,0
BRDA:113,5,1,0
BRDA:115,6,0,0
BRDA:115,6,1,0
BRF:13
BRH:0
end_of_record
TN:
SF:src/utils/email.utils.ts
FN:13,(anonymous_16)
FN:18,EmailUtils
FN:23,(anonymous_18)
FN:36,(anonymous_19)
FNF:4
FNH:0
FNDA:0,(anonymous_16)
FNDA:0,EmailUtils
FNDA:0,(anonymous_18)
FNDA:0,(anonymous_19)
DA:1,0
DA:3,0
DA:5,0
DA:6,0
DA:7,0
DA:8,0
DA:9,0
DA:10,0
DA:13,0
DA:18,0
DA:19,0
DA:20,0
DA:21,0
DA:22,0
DA:23,0
DA:24,0
DA:26,0
DA:36,0
DA:41,0
DA:42,0
DA:43,0
DA:45,0
DA:46,0
DA:47,0
DA:48,0
DA:49,0
DA:50,0
DA:52,0
LF:28
LH:0
BRDA:41,0,0,0
BRDA:42,1,0,0
BRDA:42,1,1,0
BRF:3
BRH:0
end_of_record
TN:
SF:src/utils/jwt-utils.ts
FN:9,(anonymous_2)
FN:11,JWTUtils
FN:21,(anonymous_4)
FN:33,(anonymous_5)
FNF:4
FNH:0
FNDA:0,(anonymous_2)
FNDA:0,JWTUtils
FNDA:0,(anonymous_4)
FNDA:0,(anonymous_5)
DA:2,0
DA:3,0
DA:4,0
DA:5,0
DA:6,0
DA:9,0
DA:12,0
DA:21,0
DA:22,0
DA:33,0
DA:34,0
DA:36,0
DA:38,0
DA:40,0
DA:43,0
LF:15
LH:0
BRF:0
BRH:0
end_of_record
TN:
SF:src/utils/password.utils.ts
FN:5,(anonymous_15)
FN:12,(anonymous_17)
FN:26,(anonymous_20)
FN:37,(anonymous_21)
FNF:4
FNH:0
FNDA:0,(anonymous_15)
FNDA:0,(anonymous_17)
FNDA:0,(anonymous_20)
FNDA:0,(anonymous_21)
DA:1,0
DA:2,0
DA:5,0
DA:12,0
DA:13,0
DA:14,0
DA:15,0
DA:16,0
DA:26,0
DA:27,0
DA:28,0
DA:37,0
DA:38,0
DA:40,0
DA:41,0
DA:42,0
DA:43,0
DA:45,0
DA:47,0
LF:19
LH:0
BRF:0
BRH:0
end_of_record
